CRITICAL - 2023-12-19 05:11:00 --> Error: Call to a member function getDataInsight() on null
in APPPATH\Controllers\InsightController.php on line 9.
 1 SYSTEMPATH\CodeIgniter.php(942): App\Controllers\InsightController->index()
 2 SYSTEMPATH\CodeIgniter.php(502): CodeIgniter\CodeIgniter->runController(Object(App\Controllers\InsightController))
 3 SYSTEMPATH\CodeIgniter.php(361): CodeIgniter\CodeIgniter->handleRequest(null, Object(Config\Cache), false)
 4 FCPATH\index.php(79): CodeIgniter\CodeIgniter->run()
 5 SYSTEMPATH\Commands\Server\rewrite.php(47): require_once('C:\\Users\\Hugo\\Documents\\GitHub\\Branch Sistem Pesan Antar\\public\\index.php')
CRITICAL - 2023-12-19 05:11:54 --> Error: Call to a member function getDataInsight() on null
in APPPATH\Controllers\InsightController.php on line 9.
 1 SYSTEMPATH\CodeIgniter.php(942): App\Controllers\InsightController->index()
 2 SYSTEMPATH\CodeIgniter.php(502): CodeIgniter\CodeIgniter->runController(Object(App\Controllers\InsightController))
 3 SYSTEMPATH\CodeIgniter.php(361): CodeIgniter\CodeIgniter->handleRequest(null, Object(Config\Cache), false)
 4 FCPATH\index.php(79): CodeIgniter\CodeIgniter->run()
 5 SYSTEMPATH\Commands\Server\rewrite.php(47): require_once('C:\\Users\\Hugo\\Documents\\GitHub\\Branch Sistem Pesan Antar\\public\\index.php')
CRITICAL - 2023-12-19 05:12:32 --> Error: Call to a member function getDataInsight() on null
in APPPATH\Controllers\InsightController.php on line 9.
 1 SYSTEMPATH\CodeIgniter.php(942): App\Controllers\InsightController->index()
 2 SYSTEMPATH\CodeIgniter.php(502): CodeIgniter\CodeIgniter->runController(Object(App\Controllers\InsightController))
 3 SYSTEMPATH\CodeIgniter.php(361): CodeIgniter\CodeIgniter->handleRequest(null, Object(Config\Cache), false)
 4 FCPATH\index.php(79): CodeIgniter\CodeIgniter->run()
 5 SYSTEMPATH\Commands\Server\rewrite.php(47): require_once('C:\\Users\\Hugo\\Documents\\GitHub\\Branch Sistem Pesan Antar\\public\\index.php')
CRITICAL - 2023-12-19 05:12:34 --> Error: Call to a member function getDataInsight() on null
in APPPATH\Controllers\InsightController.php on line 9.
 1 SYSTEMPATH\CodeIgniter.php(942): App\Controllers\InsightController->index()
 2 SYSTEMPATH\CodeIgniter.php(502): CodeIgniter\CodeIgniter->runController(Object(App\Controllers\InsightController))
 3 SYSTEMPATH\CodeIgniter.php(361): CodeIgniter\CodeIgniter->handleRequest(null, Object(Config\Cache), false)
 4 FCPATH\index.php(79): CodeIgniter\CodeIgniter->run()
 5 SYSTEMPATH\Commands\Server\rewrite.php(47): require_once('C:\\Users\\Hugo\\Documents\\GitHub\\Branch Sistem Pesan Antar\\public\\index.php')
CRITICAL - 2023-12-19 05:12:35 --> Error: Call to a member function getDataInsight() on null
in APPPATH\Controllers\InsightController.php on line 9.
 1 SYSTEMPATH\CodeIgniter.php(942): App\Controllers\InsightController->index()
 2 SYSTEMPATH\CodeIgniter.php(502): CodeIgniter\CodeIgniter->runController(Object(App\Controllers\InsightController))
 3 SYSTEMPATH\CodeIgniter.php(361): CodeIgniter\CodeIgniter->handleRequest(null, Object(Config\Cache), false)
 4 FCPATH\index.php(79): CodeIgniter\CodeIgniter->run()
 5 SYSTEMPATH\Commands\Server\rewrite.php(47): require_once('C:\\Users\\Hugo\\Documents\\GitHub\\Branch Sistem Pesan Antar\\public\\index.php')
CRITICAL - 2023-12-19 05:12:37 --> Error: Call to a member function getDataInsight() on null
in APPPATH\Controllers\InsightController.php on line 9.
 1 SYSTEMPATH\CodeIgniter.php(942): App\Controllers\InsightController->index()
 2 SYSTEMPATH\CodeIgniter.php(502): CodeIgniter\CodeIgniter->runController(Object(App\Controllers\InsightController))
 3 SYSTEMPATH\CodeIgniter.php(361): CodeIgniter\CodeIgniter->handleRequest(null, Object(Config\Cache), false)
 4 FCPATH\index.php(79): CodeIgniter\CodeIgniter->run()
 5 SYSTEMPATH\Commands\Server\rewrite.php(47): require_once('C:\\Users\\Hugo\\Documents\\GitHub\\Branch Sistem Pesan Antar\\public\\index.php')
CRITICAL - 2023-12-19 08:01:31 --> Error: Class "App\Models\RekomendasiAPImodel" not found
in APPPATH\Controllers\RekomendasiAPI.php on line 11.
 1 SYSTEMPATH\CodeIgniter.php(942): App\Controllers\RekomendasiAPI->index()
 2 SYSTEMPATH\CodeIgniter.php(502): CodeIgniter\CodeIgniter->runController(Object(App\Controllers\RekomendasiAPI))
 3 SYSTEMPATH\CodeIgniter.php(361): CodeIgniter\CodeIgniter->handleRequest(null, Object(Config\Cache), false)
 4 FCPATH\index.php(79): CodeIgniter\CodeIgniter->run()
 5 SYSTEMPATH\Commands\Server\rewrite.php(47): require_once('C:\\Users\\Hugo\\Documents\\GitHub\\Branch Sistem Pesan Antar\\public\\index.php')
CRITICAL - 2023-12-19 08:01:57 --> CodeIgniter\HTTP\Exceptions\HTTPException: 3 : 
in SYSTEMPATH\HTTP\CURLRequest.php on line 695.
 1 SYSTEMPATH\HTTP\CURLRequest.php(695): CodeIgniter\HTTP\Exceptions\HTTPException::forCurlError('3', '')
 2 SYSTEMPATH\HTTP\CURLRequest.php(387): CodeIgniter\HTTP\CURLRequest->sendRequest([...])
 3 SYSTEMPATH\HTTP\CURLRequest.php(145): CodeIgniter\HTTP\CURLRequest->send('get', 'http://localhost:8081/rekomendasi
')
 4 SYSTEMPATH\HTTP\CURLRequest.php(180): CodeIgniter\HTTP\CURLRequest->request('get', 'http://localhost:8081/rekomendasi
', [])
 5 APPPATH\Models\RekomendasiAPImodel.php(15): CodeIgniter\HTTP\CURLRequest->get('http://localhost:8081/rekomendasi
')
 6 APPPATH\Controllers\RekomendasiAPI.php(12): App\Models\RekomendasiAPImodel->getMenuData()
 7 SYSTEMPATH\CodeIgniter.php(942): App\Controllers\RekomendasiAPI->index()
 8 SYSTEMPATH\CodeIgniter.php(502): CodeIgniter\CodeIgniter->runController(Object(App\Controllers\RekomendasiAPI))
 9 SYSTEMPATH\CodeIgniter.php(361): CodeIgniter\CodeIgniter->handleRequest(null, Object(Config\Cache), false)
10 FCPATH\index.php(79): CodeIgniter\CodeIgniter->run()
11 SYSTEMPATH\Commands\Server\rewrite.php(47): require_once('C:\\Users\\Hugo\\Documents\\GitHub\\Branch Sistem Pesan Antar\\public\\index.php')
CRITICAL - 2023-12-19 08:02:06 --> CodeIgniter\HTTP\Exceptions\HTTPException: 3 : 
in SYSTEMPATH\HTTP\CURLRequest.php on line 695.
 1 SYSTEMPATH\HTTP\CURLRequest.php(695): CodeIgniter\HTTP\Exceptions\HTTPException::forCurlError('3', '')
 2 SYSTEMPATH\HTTP\CURLRequest.php(387): CodeIgniter\HTTP\CURLRequest->sendRequest([...])
 3 SYSTEMPATH\HTTP\CURLRequest.php(145): CodeIgniter\HTTP\CURLRequest->send('get', 'http://localhost:8081/rekomendasi
')
 4 SYSTEMPATH\HTTP\CURLRequest.php(180): CodeIgniter\HTTP\CURLRequest->request('get', 'http://localhost:8081/rekomendasi
', [])
 5 APPPATH\Models\RekomendasiAPImodel.php(15): CodeIgniter\HTTP\CURLRequest->get('http://localhost:8081/rekomendasi
')
 6 APPPATH\Controllers\RekomendasiAPI.php(12): App\Models\RekomendasiAPImodel->getMenuData()
 7 SYSTEMPATH\CodeIgniter.php(942): App\Controllers\RekomendasiAPI->index()
 8 SYSTEMPATH\CodeIgniter.php(502): CodeIgniter\CodeIgniter->runController(Object(App\Controllers\RekomendasiAPI))
 9 SYSTEMPATH\CodeIgniter.php(361): CodeIgniter\CodeIgniter->handleRequest(null, Object(Config\Cache), false)
10 FCPATH\index.php(79): CodeIgniter\CodeIgniter->run()
11 SYSTEMPATH\Commands\Server\rewrite.php(47): require_once('C:\\Users\\Hugo\\Documents\\GitHub\\Branch Sistem Pesan Antar\\public\\index.php')
CRITICAL - 2023-12-19 08:02:07 --> CodeIgniter\HTTP\Exceptions\HTTPException: 3 : 
in SYSTEMPATH\HTTP\CURLRequest.php on line 695.
 1 SYSTEMPATH\HTTP\CURLRequest.php(695): CodeIgniter\HTTP\Exceptions\HTTPException::forCurlError('3', '')
 2 SYSTEMPATH\HTTP\CURLRequest.php(387): CodeIgniter\HTTP\CURLRequest->sendRequest([...])
 3 SYSTEMPATH\HTTP\CURLRequest.php(145): CodeIgniter\HTTP\CURLRequest->send('get', 'http://localhost:8081/rekomendasi
')
 4 SYSTEMPATH\HTTP\CURLRequest.php(180): CodeIgniter\HTTP\CURLRequest->request('get', 'http://localhost:8081/rekomendasi
', [])
 5 APPPATH\Models\RekomendasiAPImodel.php(15): CodeIgniter\HTTP\CURLRequest->get('http://localhost:8081/rekomendasi
')
 6 APPPATH\Controllers\RekomendasiAPI.php(12): App\Models\RekomendasiAPImodel->getMenuData()
 7 SYSTEMPATH\CodeIgniter.php(942): App\Controllers\RekomendasiAPI->index()
 8 SYSTEMPATH\CodeIgniter.php(502): CodeIgniter\CodeIgniter->runController(Object(App\Controllers\RekomendasiAPI))
 9 SYSTEMPATH\CodeIgniter.php(361): CodeIgniter\CodeIgniter->handleRequest(null, Object(Config\Cache), false)
10 FCPATH\index.php(79): CodeIgniter\CodeIgniter->run()
11 SYSTEMPATH\Commands\Server\rewrite.php(47): require_once('C:\\Users\\Hugo\\Documents\\GitHub\\Branch Sistem Pesan Antar\\public\\index.php')
CRITICAL - 2023-12-19 08:41:37 --> ErrorException: Undefined variable $menuFromAPI
in APPPATH\Views\pages\home.php on line 18.
 1 APPPATH\Views\pages\home.php(18): CodeIgniter\Debug\Exceptions->errorHandler(2, 'Undefined variable $menuFromAPI', 'C:\\Users\\Hugo\\Documents\\GitHub\\Branch Sistem Pesan Antar\\app\\Views\\pages\\home.php', 18)
 2 SYSTEMPATH\View\View.php(228): include('C:\\Users\\Hugo\\Documents\\GitHub\\Branch Sistem Pesan Antar\\app\\Views\\pages\\home.php')
 3 SYSTEMPATH\View\View.php(231): CodeIgniter\View\View->CodeIgniter\View\{closure}()
 4 SYSTEMPATH\Common.php(1172): CodeIgniter\View\View->render('pages/home', [], true)
 5 APPPATH\Controllers\Pages.php(16): view('pages/home')
 6 SYSTEMPATH\CodeIgniter.php(942): App\Controllers\Pages->index()
 7 SYSTEMPATH\CodeIgniter.php(502): CodeIgniter\CodeIgniter->runController(Object(App\Controllers\Pages))
 8 SYSTEMPATH\CodeIgniter.php(361): CodeIgniter\CodeIgniter->handleRequest(null, Object(Config\Cache), false)
 9 FCPATH\index.php(79): CodeIgniter\CodeIgniter->run()
10 SYSTEMPATH\Commands\Server\rewrite.php(47): require_once('C:\\Users\\Hugo\\Documents\\GitHub\\Branch Sistem Pesan Antar\\public\\index.php')
CRITICAL - 2023-12-19 08:42:54 --> ErrorException: Undefined variable $dbrestoran
in APPPATH\Views\pages\home.php on line 18.
 1 APPPATH\Views\pages\home.php(18): CodeIgniter\Debug\Exceptions->errorHandler(2, 'Undefined variable $dbrestoran', 'C:\\Users\\Hugo\\Documents\\GitHub\\Branch Sistem Pesan Antar\\app\\Views\\pages\\home.php', 18)
 2 SYSTEMPATH\View\View.php(228): include('C:\\Users\\Hugo\\Documents\\GitHub\\Branch Sistem Pesan Antar\\app\\Views\\pages\\home.php')
 3 SYSTEMPATH\View\View.php(231): CodeIgniter\View\View->CodeIgniter\View\{closure}()
 4 SYSTEMPATH\Common.php(1172): CodeIgniter\View\View->render('pages/home', [], true)
 5 APPPATH\Controllers\Pages.php(16): view('pages/home')
 6 SYSTEMPATH\CodeIgniter.php(942): App\Controllers\Pages->index()
 7 SYSTEMPATH\CodeIgniter.php(502): CodeIgniter\CodeIgniter->runController(Object(App\Controllers\Pages))
 8 SYSTEMPATH\CodeIgniter.php(361): CodeIgniter\CodeIgniter->handleRequest(null, Object(Config\Cache), false)
 9 FCPATH\index.php(79): CodeIgniter\CodeIgniter->run()
10 SYSTEMPATH\Commands\Server\rewrite.php(47): require_once('C:\\Users\\Hugo\\Documents\\GitHub\\Branch Sistem Pesan Antar\\public\\index.php')
CRITICAL - 2023-12-19 08:44:01 --> ErrorException: Undefined variable $dbrestoran
in APPPATH\Views\pages\home.php on line 18.
 1 APPPATH\Views\pages\home.php(18): CodeIgniter\Debug\Exceptions->errorHandler(2, 'Undefined variable $dbrestoran', 'C:\\Users\\Hugo\\Documents\\GitHub\\Branch Sistem Pesan Antar\\app\\Views\\pages\\home.php', 18)
 2 SYSTEMPATH\View\View.php(228): include('C:\\Users\\Hugo\\Documents\\GitHub\\Branch Sistem Pesan Antar\\app\\Views\\pages\\home.php')
 3 SYSTEMPATH\View\View.php(231): CodeIgniter\View\View->CodeIgniter\View\{closure}()
 4 SYSTEMPATH\Common.php(1172): CodeIgniter\View\View->render('pages/home', [], true)
 5 APPPATH\Controllers\Pages.php(16): view('pages/home')
 6 SYSTEMPATH\CodeIgniter.php(942): App\Controllers\Pages->index()
 7 SYSTEMPATH\CodeIgniter.php(502): CodeIgniter\CodeIgniter->runController(Object(App\Controllers\Pages))
 8 SYSTEMPATH\CodeIgniter.php(361): CodeIgniter\CodeIgniter->handleRequest(null, Object(Config\Cache), false)
 9 FCPATH\index.php(79): CodeIgniter\CodeIgniter->run()
10 SYSTEMPATH\Commands\Server\rewrite.php(47): require_once('C:\\Users\\Hugo\\Documents\\GitHub\\Branch Sistem Pesan Antar\\public\\index.php')
CRITICAL - 2023-12-19 08:51:23 --> ErrorException: Undefined variable $dbrestoran
in APPPATH\Views\pages\home.php on line 137.
 1 APPPATH\Views\pages\home.php(137): CodeIgniter\Debug\Exceptions->errorHandler(2, 'Undefined variable $dbrestoran', 'C:\\Users\\Hugo\\Documents\\GitHub\\Branch Sistem Pesan Antar\\app\\Views\\pages\\home.php', 137)
 2 SYSTEMPATH\View\View.php(228): include('C:\\Users\\Hugo\\Documents\\GitHub\\Branch Sistem Pesan Antar\\app\\Views\\pages\\home.php')
 3 SYSTEMPATH\View\View.php(231): CodeIgniter\View\View->CodeIgniter\View\{closure}()
 4 SYSTEMPATH\Common.php(1172): CodeIgniter\View\View->render('pages/home', [], true)
 5 APPPATH\Controllers\Pages.php(16): view('pages/home')
 6 SYSTEMPATH\CodeIgniter.php(942): App\Controllers\Pages->index()
 7 SYSTEMPATH\CodeIgniter.php(502): CodeIgniter\CodeIgniter->runController(Object(App\Controllers\Pages))
 8 SYSTEMPATH\CodeIgniter.php(361): CodeIgniter\CodeIgniter->handleRequest(null, Object(Config\Cache), false)
 9 FCPATH\index.php(79): CodeIgniter\CodeIgniter->run()
10 SYSTEMPATH\Commands\Server\rewrite.php(47): require_once('C:\\Users\\Hugo\\Documents\\GitHub\\Branch Sistem Pesan Antar\\public\\index.php')
CRITICAL - 2023-12-19 08:51:26 --> ErrorException: Undefined variable $dbrestoran
in APPPATH\Views\pages\home.php on line 137.
 1 APPPATH\Views\pages\home.php(137): CodeIgniter\Debug\Exceptions->errorHandler(2, 'Undefined variable $dbrestoran', 'C:\\Users\\Hugo\\Documents\\GitHub\\Branch Sistem Pesan Antar\\app\\Views\\pages\\home.php', 137)
 2 SYSTEMPATH\View\View.php(228): include('C:\\Users\\Hugo\\Documents\\GitHub\\Branch Sistem Pesan Antar\\app\\Views\\pages\\home.php')
 3 SYSTEMPATH\View\View.php(231): CodeIgniter\View\View->CodeIgniter\View\{closure}()
 4 SYSTEMPATH\Common.php(1172): CodeIgniter\View\View->render('pages/home', [], true)
 5 APPPATH\Controllers\Pages.php(16): view('pages/home')
 6 SYSTEMPATH\CodeIgniter.php(942): App\Controllers\Pages->index()
 7 SYSTEMPATH\CodeIgniter.php(502): CodeIgniter\CodeIgniter->runController(Object(App\Controllers\Pages))
 8 SYSTEMPATH\CodeIgniter.php(361): CodeIgniter\CodeIgniter->handleRequest(null, Object(Config\Cache), false)
 9 FCPATH\index.php(79): CodeIgniter\CodeIgniter->run()
10 SYSTEMPATH\Commands\Server\rewrite.php(47): require_once('C:\\Users\\Hugo\\Documents\\GitHub\\Branch Sistem Pesan Antar\\public\\index.php')
CRITICAL - 2023-12-19 08:53:43 --> ErrorException: Undefined variable $data
in APPPATH\Views\pages\home.php on line 137.
 1 APPPATH\Views\pages\home.php(137): CodeIgniter\Debug\Exceptions->errorHandler(2, 'Undefined variable $data', 'C:\\Users\\Hugo\\Documents\\GitHub\\Branch Sistem Pesan Antar\\app\\Views\\pages\\home.php', 137)
 2 SYSTEMPATH\View\View.php(228): include('C:\\Users\\Hugo\\Documents\\GitHub\\Branch Sistem Pesan Antar\\app\\Views\\pages\\home.php')
 3 SYSTEMPATH\View\View.php(231): CodeIgniter\View\View->CodeIgniter\View\{closure}()
 4 SYSTEMPATH\Common.php(1172): CodeIgniter\View\View->render('pages/home', [], true)
 5 APPPATH\Controllers\Pages.php(16): view('pages/home')
 6 SYSTEMPATH\CodeIgniter.php(942): App\Controllers\Pages->index()
 7 SYSTEMPATH\CodeIgniter.php(502): CodeIgniter\CodeIgniter->runController(Object(App\Controllers\Pages))
 8 SYSTEMPATH\CodeIgniter.php(361): CodeIgniter\CodeIgniter->handleRequest(null, Object(Config\Cache), false)
 9 FCPATH\index.php(79): CodeIgniter\CodeIgniter->run()
10 SYSTEMPATH\Commands\Server\rewrite.php(47): require_once('C:\\Users\\Hugo\\Documents\\GitHub\\Branch Sistem Pesan Antar\\public\\index.php')
CRITICAL - 2023-12-19 08:53:52 --> ErrorException: Undefined variable $dbrestoran
in APPPATH\Views\pages\home.php on line 137.
 1 APPPATH\Views\pages\home.php(137): CodeIgniter\Debug\Exceptions->errorHandler(2, 'Undefined variable $dbrestoran', 'C:\\Users\\Hugo\\Documents\\GitHub\\Branch Sistem Pesan Antar\\app\\Views\\pages\\home.php', 137)
 2 SYSTEMPATH\View\View.php(228): include('C:\\Users\\Hugo\\Documents\\GitHub\\Branch Sistem Pesan Antar\\app\\Views\\pages\\home.php')
 3 SYSTEMPATH\View\View.php(231): CodeIgniter\View\View->CodeIgniter\View\{closure}()
 4 SYSTEMPATH\Common.php(1172): CodeIgniter\View\View->render('pages/home', [], true)
 5 APPPATH\Controllers\Pages.php(16): view('pages/home')
 6 SYSTEMPATH\CodeIgniter.php(942): App\Controllers\Pages->index()
 7 SYSTEMPATH\CodeIgniter.php(502): CodeIgniter\CodeIgniter->runController(Object(App\Controllers\Pages))
 8 SYSTEMPATH\CodeIgniter.php(361): CodeIgniter\CodeIgniter->handleRequest(null, Object(Config\Cache), false)
 9 FCPATH\index.php(79): CodeIgniter\CodeIgniter->run()
10 SYSTEMPATH\Commands\Server\rewrite.php(47): require_once('C:\\Users\\Hugo\\Documents\\GitHub\\Branch Sistem Pesan Antar\\public\\index.php')
CRITICAL - 2023-12-19 08:56:21 --> ErrorException: Undefined variable $dbrestoran
in APPPATH\Views\pages\home.php on line 137.
 1 APPPATH\Views\pages\home.php(137): CodeIgniter\Debug\Exceptions->errorHandler(2, 'Undefined variable $dbrestoran', 'C:\\Users\\Hugo\\Documents\\GitHub\\Branch Sistem Pesan Antar\\app\\Views\\pages\\home.php', 137)
 2 SYSTEMPATH\View\View.php(228): include('C:\\Users\\Hugo\\Documents\\GitHub\\Branch Sistem Pesan Antar\\app\\Views\\pages\\home.php')
 3 SYSTEMPATH\View\View.php(231): CodeIgniter\View\View->CodeIgniter\View\{closure}()
 4 SYSTEMPATH\Common.php(1172): CodeIgniter\View\View->render('pages/home', [], true)
 5 APPPATH\Controllers\Pages.php(16): view('pages/home')
 6 SYSTEMPATH\CodeIgniter.php(942): App\Controllers\Pages->index()
 7 SYSTEMPATH\CodeIgniter.php(502): CodeIgniter\CodeIgniter->runController(Object(App\Controllers\Pages))
 8 SYSTEMPATH\CodeIgniter.php(361): CodeIgniter\CodeIgniter->handleRequest(null, Object(Config\Cache), false)
 9 FCPATH\index.php(79): CodeIgniter\CodeIgniter->run()
10 SYSTEMPATH\Commands\Server\rewrite.php(47): require_once('C:\\Users\\Hugo\\Documents\\GitHub\\Branch Sistem Pesan Antar\\public\\index.php')
CRITICAL - 2023-12-19 08:57:56 --> ErrorException: Undefined variable $dbrestoran
in APPPATH\Views\pages\home.php on line 137.
 1 APPPATH\Views\pages\home.php(137): CodeIgniter\Debug\Exceptions->errorHandler(2, 'Undefined variable $dbrestoran', 'C:\\Users\\Hugo\\Documents\\GitHub\\Branch Sistem Pesan Antar\\app\\Views\\pages\\home.php', 137)
 2 SYSTEMPATH\View\View.php(228): include('C:\\Users\\Hugo\\Documents\\GitHub\\Branch Sistem Pesan Antar\\app\\Views\\pages\\home.php')
 3 SYSTEMPATH\View\View.php(231): CodeIgniter\View\View->CodeIgniter\View\{closure}()
 4 SYSTEMPATH\Common.php(1172): CodeIgniter\View\View->render('pages/home', [], true)
 5 APPPATH\Controllers\Pages.php(16): view('pages/home')
 6 SYSTEMPATH\CodeIgniter.php(942): App\Controllers\Pages->index()
 7 SYSTEMPATH\CodeIgniter.php(502): CodeIgniter\CodeIgniter->runController(Object(App\Controllers\Pages))
 8 SYSTEMPATH\CodeIgniter.php(361): CodeIgniter\CodeIgniter->handleRequest(null, Object(Config\Cache), false)
 9 FCPATH\index.php(79): CodeIgniter\CodeIgniter->run()
10 SYSTEMPATH\Commands\Server\rewrite.php(47): require_once('C:\\Users\\Hugo\\Documents\\GitHub\\Branch Sistem Pesan Antar\\public\\index.php')
CRITICAL - 2023-12-19 09:55:05 --> ErrorException: Undefined variable $dbrestoran
in APPPATH\Views\pages\home.php on line 137.
 1 APPPATH\Views\pages\home.php(137): CodeIgniter\Debug\Exceptions->errorHandler(2, 'Undefined variable $dbrestoran', 'C:\\Users\\Hugo\\Documents\\GitHub\\Branch Sistem Pesan Antar\\app\\Views\\pages\\home.php', 137)
 2 SYSTEMPATH\View\View.php(228): include('C:\\Users\\Hugo\\Documents\\GitHub\\Branch Sistem Pesan Antar\\app\\Views\\pages\\home.php')
 3 SYSTEMPATH\View\View.php(231): CodeIgniter\View\View->CodeIgniter\View\{closure}()
 4 SYSTEMPATH\Common.php(1172): CodeIgniter\View\View->render('pages/home', [], true)
 5 APPPATH\Controllers\Pages.php(16): view('pages/home')
 6 SYSTEMPATH\CodeIgniter.php(942): App\Controllers\Pages->index()
 7 SYSTEMPATH\CodeIgniter.php(502): CodeIgniter\CodeIgniter->runController(Object(App\Controllers\Pages))
 8 SYSTEMPATH\CodeIgniter.php(361): CodeIgniter\CodeIgniter->handleRequest(null, Object(Config\Cache), false)
 9 FCPATH\index.php(79): CodeIgniter\CodeIgniter->run()
10 SYSTEMPATH\Commands\Server\rewrite.php(47): require_once('C:\\Users\\Hugo\\Documents\\GitHub\\Branch Sistem Pesan Antar\\public\\index.php')
CRITICAL - 2023-12-19 10:25:19 --> ErrorException: Undefined variable $dbrestoran
in APPPATH\Views\pages\home.php on line 137.
 1 APPPATH\Views\pages\home.php(137): CodeIgniter\Debug\Exceptions->errorHandler(2, 'Undefined variable $dbrestoran', 'C:\\Users\\Hugo\\Documents\\GitHub\\Branch Sistem Pesan Antar\\app\\Views\\pages\\home.php', 137)
 2 SYSTEMPATH\View\View.php(228): include('C:\\Users\\Hugo\\Documents\\GitHub\\Branch Sistem Pesan Antar\\app\\Views\\pages\\home.php')
 3 SYSTEMPATH\View\View.php(231): CodeIgniter\View\View->CodeIgniter\View\{closure}()
 4 SYSTEMPATH\Common.php(1172): CodeIgniter\View\View->render('pages/home', [], true)
 5 APPPATH\Controllers\Pages.php(16): view('pages/home')
 6 SYSTEMPATH\CodeIgniter.php(942): App\Controllers\Pages->index()
 7 SYSTEMPATH\CodeIgniter.php(502): CodeIgniter\CodeIgniter->runController(Object(App\Controllers\Pages))
 8 SYSTEMPATH\CodeIgniter.php(361): CodeIgniter\CodeIgniter->handleRequest(null, Object(Config\Cache), false)
 9 FCPATH\index.php(79): CodeIgniter\CodeIgniter->run()
10 SYSTEMPATH\Commands\Server\rewrite.php(47): require_once('C:\\Users\\Hugo\\Documents\\GitHub\\Branch Sistem Pesan Antar\\public\\index.php')
CRITICAL - 2023-12-19 10:26:14 --> ErrorException: Undefined variable $dbrestoran
in APPPATH\Views\pages\home.php on line 137.
 1 APPPATH\Views\pages\home.php(137): CodeIgniter\Debug\Exceptions->errorHandler(2, 'Undefined variable $dbrestoran', 'C:\\Users\\Hugo\\Documents\\GitHub\\Branch Sistem Pesan Antar\\app\\Views\\pages\\home.php', 137)
 2 SYSTEMPATH\View\View.php(228): include('C:\\Users\\Hugo\\Documents\\GitHub\\Branch Sistem Pesan Antar\\app\\Views\\pages\\home.php')
 3 SYSTEMPATH\View\View.php(231): CodeIgniter\View\View->CodeIgniter\View\{closure}()
 4 SYSTEMPATH\Common.php(1172): CodeIgniter\View\View->render('pages/home', [], true)
 5 APPPATH\Controllers\Pages.php(16): view('pages/home')
 6 SYSTEMPATH\CodeIgniter.php(942): App\Controllers\Pages->index()
 7 SYSTEMPATH\CodeIgniter.php(502): CodeIgniter\CodeIgniter->runController(Object(App\Controllers\Pages))
 8 SYSTEMPATH\CodeIgniter.php(361): CodeIgniter\CodeIgniter->handleRequest(null, Object(Config\Cache), false)
 9 FCPATH\index.php(79): CodeIgniter\CodeIgniter->run()
10 SYSTEMPATH\Commands\Server\rewrite.php(47): require_once('C:\\Users\\Hugo\\Documents\\GitHub\\Branch Sistem Pesan Antar\\public\\index.php')
CRITICAL - 2023-12-19 10:26:17 --> ErrorException: Undefined variable $dbrestoran
in APPPATH\Views\pages\home.php on line 137.
 1 APPPATH\Views\pages\home.php(137): CodeIgniter\Debug\Exceptions->errorHandler(2, 'Undefined variable $dbrestoran', 'C:\\Users\\Hugo\\Documents\\GitHub\\Branch Sistem Pesan Antar\\app\\Views\\pages\\home.php', 137)
 2 SYSTEMPATH\View\View.php(228): include('C:\\Users\\Hugo\\Documents\\GitHub\\Branch Sistem Pesan Antar\\app\\Views\\pages\\home.php')
 3 SYSTEMPATH\View\View.php(231): CodeIgniter\View\View->CodeIgniter\View\{closure}()
 4 SYSTEMPATH\Common.php(1172): CodeIgniter\View\View->render('pages/home', [], true)
 5 APPPATH\Controllers\Pages.php(16): view('pages/home')
 6 SYSTEMPATH\CodeIgniter.php(942): App\Controllers\Pages->index()
 7 SYSTEMPATH\CodeIgniter.php(502): CodeIgniter\CodeIgniter->runController(Object(App\Controllers\Pages))
 8 SYSTEMPATH\CodeIgniter.php(361): CodeIgniter\CodeIgniter->handleRequest(null, Object(Config\Cache), false)
 9 FCPATH\index.php(79): CodeIgniter\CodeIgniter->run()
10 SYSTEMPATH\Commands\Server\rewrite.php(47): require_once('C:\\Users\\Hugo\\Documents\\GitHub\\Branch Sistem Pesan Antar\\public\\index.php')
CRITICAL - 2023-12-19 10:27:08 --> ErrorException: Undefined variable $dbrestoran
in APPPATH\Views\pages\home.php on line 137.
 1 APPPATH\Views\pages\home.php(137): CodeIgniter\Debug\Exceptions->errorHandler(2, 'Undefined variable $dbrestoran', 'C:\\Users\\Hugo\\Documents\\GitHub\\Branch Sistem Pesan Antar\\app\\Views\\pages\\home.php', 137)
 2 SYSTEMPATH\View\View.php(228): include('C:\\Users\\Hugo\\Documents\\GitHub\\Branch Sistem Pesan Antar\\app\\Views\\pages\\home.php')
 3 SYSTEMPATH\View\View.php(231): CodeIgniter\View\View->CodeIgniter\View\{closure}()
 4 SYSTEMPATH\Common.php(1172): CodeIgniter\View\View->render('pages/home', [], true)
 5 APPPATH\Controllers\Pages.php(16): view('pages/home')
 6 SYSTEMPATH\CodeIgniter.php(942): App\Controllers\Pages->index()
 7 SYSTEMPATH\CodeIgniter.php(502): CodeIgniter\CodeIgniter->runController(Object(App\Controllers\Pages))
 8 SYSTEMPATH\CodeIgniter.php(361): CodeIgniter\CodeIgniter->handleRequest(null, Object(Config\Cache), false)
 9 FCPATH\index.php(79): CodeIgniter\CodeIgniter->run()
10 SYSTEMPATH\Commands\Server\rewrite.php(47): require_once('C:\\Users\\Hugo\\Documents\\GitHub\\Branch Sistem Pesan Antar\\public\\index.php')
CRITICAL - 2023-12-19 10:29:19 --> ErrorException: Undefined variable $dbrestoran
in APPPATH\Views\pages\home.php on line 137.
 1 APPPATH\Views\pages\home.php(137): CodeIgniter\Debug\Exceptions->errorHandler(2, 'Undefined variable $dbrestoran', 'C:\\Users\\Hugo\\Documents\\GitHub\\Branch Sistem Pesan Antar\\app\\Views\\pages\\home.php', 137)
 2 SYSTEMPATH\View\View.php(228): include('C:\\Users\\Hugo\\Documents\\GitHub\\Branch Sistem Pesan Antar\\app\\Views\\pages\\home.php')
 3 SYSTEMPATH\View\View.php(231): CodeIgniter\View\View->CodeIgniter\View\{closure}()
 4 SYSTEMPATH\Common.php(1172): CodeIgniter\View\View->render('pages/home', [], true)
 5 APPPATH\Controllers\Pages.php(16): view('pages/home')
 6 SYSTEMPATH\CodeIgniter.php(942): App\Controllers\Pages->index()
 7 SYSTEMPATH\CodeIgniter.php(502): CodeIgniter\CodeIgniter->runController(Object(App\Controllers\Pages))
 8 SYSTEMPATH\CodeIgniter.php(361): CodeIgniter\CodeIgniter->handleRequest(null, Object(Config\Cache), false)
 9 FCPATH\index.php(79): CodeIgniter\CodeIgniter->run()
10 SYSTEMPATH\Commands\Server\rewrite.php(47): require_once('C:\\Users\\Hugo\\Documents\\GitHub\\Branch Sistem Pesan Antar\\public\\index.php')
CRITICAL - 2023-12-19 10:29:20 --> ErrorException: Undefined variable $dbrestoran
in APPPATH\Views\pages\home.php on line 137.
 1 APPPATH\Views\pages\home.php(137): CodeIgniter\Debug\Exceptions->errorHandler(2, 'Undefined variable $dbrestoran', 'C:\\Users\\Hugo\\Documents\\GitHub\\Branch Sistem Pesan Antar\\app\\Views\\pages\\home.php', 137)
 2 SYSTEMPATH\View\View.php(228): include('C:\\Users\\Hugo\\Documents\\GitHub\\Branch Sistem Pesan Antar\\app\\Views\\pages\\home.php')
 3 SYSTEMPATH\View\View.php(231): CodeIgniter\View\View->CodeIgniter\View\{closure}()
 4 SYSTEMPATH\Common.php(1172): CodeIgniter\View\View->render('pages/home', [], true)
 5 APPPATH\Controllers\Pages.php(16): view('pages/home')
 6 SYSTEMPATH\CodeIgniter.php(942): App\Controllers\Pages->index()
 7 SYSTEMPATH\CodeIgniter.php(502): CodeIgniter\CodeIgniter->runController(Object(App\Controllers\Pages))
 8 SYSTEMPATH\CodeIgniter.php(361): CodeIgniter\CodeIgniter->handleRequest(null, Object(Config\Cache), false)
 9 FCPATH\index.php(79): CodeIgniter\CodeIgniter->run()
10 SYSTEMPATH\Commands\Server\rewrite.php(47): require_once('C:\\Users\\Hugo\\Documents\\GitHub\\Branch Sistem Pesan Antar\\public\\index.php')
CRITICAL - 2023-12-19 10:29:25 --> CodeIgniter\View\Exceptions\ViewException: Invalid file: "pages/rekomendasi.php"
in SYSTEMPATH\Exceptions\FrameworkException.php on line 39.
 1 SYSTEMPATH\View\View.php(216): CodeIgniter\Exceptions\FrameworkException::forInvalidFile('pages/rekomendasi.php')
 2 SYSTEMPATH\Common.php(1172): CodeIgniter\View\View->render('pages/rekomendasi', [], true)
 3 APPPATH\Controllers\RekomendasiAPI.php(28): view('pages/rekomendasi')
 4 SYSTEMPATH\CodeIgniter.php(942): App\Controllers\RekomendasiAPI->index()
 5 SYSTEMPATH\CodeIgniter.php(502): CodeIgniter\CodeIgniter->runController(Object(App\Controllers\RekomendasiAPI))
 6 SYSTEMPATH\CodeIgniter.php(361): CodeIgniter\CodeIgniter->handleRequest(null, Object(Config\Cache), false)
 7 FCPATH\index.php(79): CodeIgniter\CodeIgniter->run()
 8 SYSTEMPATH\Commands\Server\rewrite.php(47): require_once('C:\\Users\\Hugo\\Documents\\GitHub\\Branch Sistem Pesan Antar\\public\\index.php')
CRITICAL - 2023-12-19 10:31:51 --> ErrorException: Undefined variable $dbrestoran
in APPPATH\Views\pages\home.php on line 137.
 1 APPPATH\Views\pages\home.php(137): CodeIgniter\Debug\Exceptions->errorHandler(2, 'Undefined variable $dbrestoran', 'C:\\Users\\Hugo\\Documents\\GitHub\\Branch Sistem Pesan Antar\\app\\Views\\pages\\home.php', 137)
 2 SYSTEMPATH\View\View.php(228): include('C:\\Users\\Hugo\\Documents\\GitHub\\Branch Sistem Pesan Antar\\app\\Views\\pages\\home.php')
 3 SYSTEMPATH\View\View.php(231): CodeIgniter\View\View->CodeIgniter\View\{closure}()
 4 SYSTEMPATH\Common.php(1172): CodeIgniter\View\View->render('pages/home', [], true)
 5 APPPATH\Controllers\Pages.php(16): view('pages/home')
 6 SYSTEMPATH\CodeIgniter.php(942): App\Controllers\Pages->index()
 7 SYSTEMPATH\CodeIgniter.php(502): CodeIgniter\CodeIgniter->runController(Object(App\Controllers\Pages))
 8 SYSTEMPATH\CodeIgniter.php(361): CodeIgniter\CodeIgniter->handleRequest(null, Object(Config\Cache), false)
 9 FCPATH\index.php(79): CodeIgniter\CodeIgniter->run()
10 SYSTEMPATH\Commands\Server\rewrite.php(47): require_once('C:\\Users\\Hugo\\Documents\\GitHub\\Branch Sistem Pesan Antar\\public\\index.php')
CRITICAL - 2023-12-19 10:34:23 --> ErrorException: Undefined variable $dbrestoran
in APPPATH\Views\pages\home.php on line 137.
 1 APPPATH\Views\pages\home.php(137): CodeIgniter\Debug\Exceptions->errorHandler(2, 'Undefined variable $dbrestoran', 'C:\\Users\\Hugo\\Documents\\GitHub\\Branch Sistem Pesan Antar\\app\\Views\\pages\\home.php', 137)
 2 SYSTEMPATH\View\View.php(228): include('C:\\Users\\Hugo\\Documents\\GitHub\\Branch Sistem Pesan Antar\\app\\Views\\pages\\home.php')
 3 SYSTEMPATH\View\View.php(231): CodeIgniter\View\View->CodeIgniter\View\{closure}()
 4 SYSTEMPATH\Common.php(1172): CodeIgniter\View\View->render('pages/home', [], true)
 5 APPPATH\Controllers\Pages.php(16): view('pages/home')
 6 SYSTEMPATH\CodeIgniter.php(942): App\Controllers\Pages->index()
 7 SYSTEMPATH\CodeIgniter.php(502): CodeIgniter\CodeIgniter->runController(Object(App\Controllers\Pages))
 8 SYSTEMPATH\CodeIgniter.php(361): CodeIgniter\CodeIgniter->handleRequest(null, Object(Config\Cache), false)
 9 FCPATH\index.php(79): CodeIgniter\CodeIgniter->run()
10 SYSTEMPATH\Commands\Server\rewrite.php(47): require_once('C:\\Users\\Hugo\\Documents\\GitHub\\Branch Sistem Pesan Antar\\public\\index.php')
CRITICAL - 2023-12-19 10:34:25 --> ErrorException: Undefined variable $dbrestoran
in APPPATH\Views\pages\home.php on line 137.
 1 APPPATH\Views\pages\home.php(137): CodeIgniter\Debug\Exceptions->errorHandler(2, 'Undefined variable $dbrestoran', 'C:\\Users\\Hugo\\Documents\\GitHub\\Branch Sistem Pesan Antar\\app\\Views\\pages\\home.php', 137)
 2 SYSTEMPATH\View\View.php(228): include('C:\\Users\\Hugo\\Documents\\GitHub\\Branch Sistem Pesan Antar\\app\\Views\\pages\\home.php')
 3 SYSTEMPATH\View\View.php(231): CodeIgniter\View\View->CodeIgniter\View\{closure}()
 4 SYSTEMPATH\Common.php(1172): CodeIgniter\View\View->render('pages/home', [], true)
 5 APPPATH\Controllers\Pages.php(16): view('pages/home')
 6 SYSTEMPATH\CodeIgniter.php(942): App\Controllers\Pages->index()
 7 SYSTEMPATH\CodeIgniter.php(502): CodeIgniter\CodeIgniter->runController(Object(App\Controllers\Pages))
 8 SYSTEMPATH\CodeIgniter.php(361): CodeIgniter\CodeIgniter->handleRequest(null, Object(Config\Cache), false)
 9 FCPATH\index.php(79): CodeIgniter\CodeIgniter->run()
10 SYSTEMPATH\Commands\Server\rewrite.php(47): require_once('C:\\Users\\Hugo\\Documents\\GitHub\\Branch Sistem Pesan Antar\\public\\index.php')
CRITICAL - 2023-12-19 10:34:27 --> ErrorException: Undefined variable $dbrestoran
in APPPATH\Views\pages\home.php on line 137.
 1 APPPATH\Views\pages\home.php(137): CodeIgniter\Debug\Exceptions->errorHandler(2, 'Undefined variable $dbrestoran', 'C:\\Users\\Hugo\\Documents\\GitHub\\Branch Sistem Pesan Antar\\app\\Views\\pages\\home.php', 137)
 2 SYSTEMPATH\View\View.php(228): include('C:\\Users\\Hugo\\Documents\\GitHub\\Branch Sistem Pesan Antar\\app\\Views\\pages\\home.php')
 3 SYSTEMPATH\View\View.php(231): CodeIgniter\View\View->CodeIgniter\View\{closure}()
 4 SYSTEMPATH\Common.php(1172): CodeIgniter\View\View->render('pages/home', [], true)
 5 APPPATH\Controllers\Pages.php(16): view('pages/home')
 6 SYSTEMPATH\CodeIgniter.php(942): App\Controllers\Pages->index()
 7 SYSTEMPATH\CodeIgniter.php(502): CodeIgniter\CodeIgniter->runController(Object(App\Controllers\Pages))
 8 SYSTEMPATH\CodeIgniter.php(361): CodeIgniter\CodeIgniter->handleRequest(null, Object(Config\Cache), false)
 9 FCPATH\index.php(79): CodeIgniter\CodeIgniter->run()
10 SYSTEMPATH\Commands\Server\rewrite.php(47): require_once('C:\\Users\\Hugo\\Documents\\GitHub\\Branch Sistem Pesan Antar\\public\\index.php')
CRITICAL - 2023-12-19 10:34:50 --> CodeIgniter\View\Exceptions\ViewException: Invalid file: "pages/.php"
in SYSTEMPATH\Exceptions\FrameworkException.php on line 39.
 1 SYSTEMPATH\View\View.php(216): CodeIgniter\Exceptions\FrameworkException::forInvalidFile('pages/.php')
 2 SYSTEMPATH\Common.php(1172): CodeIgniter\View\View->render('pages/', [], true)
 3 APPPATH\Controllers\RekomendasiAPI.php(28): view('pages/')
 4 SYSTEMPATH\CodeIgniter.php(942): App\Controllers\RekomendasiAPI->index()
 5 SYSTEMPATH\CodeIgniter.php(502): CodeIgniter\CodeIgniter->runController(Object(App\Controllers\RekomendasiAPI))
 6 SYSTEMPATH\CodeIgniter.php(361): CodeIgniter\CodeIgniter->handleRequest(null, Object(Config\Cache), false)
 7 FCPATH\index.php(79): CodeIgniter\CodeIgniter->run()
 8 SYSTEMPATH\Commands\Server\rewrite.php(47): require_once('C:\\Users\\Hugo\\Documents\\GitHub\\Branch Sistem Pesan Antar\\public\\index.php')
CRITICAL - 2023-12-19 10:34:54 --> ErrorException: Undefined variable $dbrestoran
in APPPATH\Views\pages\home.php on line 137.
 1 APPPATH\Views\pages\home.php(137): CodeIgniter\Debug\Exceptions->errorHandler(2, 'Undefined variable $dbrestoran', 'C:\\Users\\Hugo\\Documents\\GitHub\\Branch Sistem Pesan Antar\\app\\Views\\pages\\home.php', 137)
 2 SYSTEMPATH\View\View.php(228): include('C:\\Users\\Hugo\\Documents\\GitHub\\Branch Sistem Pesan Antar\\app\\Views\\pages\\home.php')
 3 SYSTEMPATH\View\View.php(231): CodeIgniter\View\View->CodeIgniter\View\{closure}()
 4 SYSTEMPATH\Common.php(1172): CodeIgniter\View\View->render('pages/home', [], true)
 5 APPPATH\Controllers\Pages.php(16): view('pages/home')
 6 SYSTEMPATH\CodeIgniter.php(942): App\Controllers\Pages->index()
 7 SYSTEMPATH\CodeIgniter.php(502): CodeIgniter\CodeIgniter->runController(Object(App\Controllers\Pages))
 8 SYSTEMPATH\CodeIgniter.php(361): CodeIgniter\CodeIgniter->handleRequest(null, Object(Config\Cache), false)
 9 FCPATH\index.php(79): CodeIgniter\CodeIgniter->run()
10 SYSTEMPATH\Commands\Server\rewrite.php(47): require_once('C:\\Users\\Hugo\\Documents\\GitHub\\Branch Sistem Pesan Antar\\public\\index.php')
CRITICAL - 2023-12-19 10:35:03 --> ErrorException: Undefined variable $dbrestoran
in APPPATH\Views\pages\home.php on line 137.
 1 APPPATH\Views\pages\home.php(137): CodeIgniter\Debug\Exceptions->errorHandler(2, 'Undefined variable $dbrestoran', 'C:\\Users\\Hugo\\Documents\\GitHub\\Branch Sistem Pesan Antar\\app\\Views\\pages\\home.php', 137)
 2 SYSTEMPATH\View\View.php(228): include('C:\\Users\\Hugo\\Documents\\GitHub\\Branch Sistem Pesan Antar\\app\\Views\\pages\\home.php')
 3 SYSTEMPATH\View\View.php(231): CodeIgniter\View\View->CodeIgniter\View\{closure}()
 4 SYSTEMPATH\Common.php(1172): CodeIgniter\View\View->render('pages/home', [], true)
 5 APPPATH\Controllers\Pages.php(16): view('pages/home')
 6 SYSTEMPATH\CodeIgniter.php(942): App\Controllers\Pages->index()
 7 SYSTEMPATH\CodeIgniter.php(502): CodeIgniter\CodeIgniter->runController(Object(App\Controllers\Pages))
 8 SYSTEMPATH\CodeIgniter.php(361): CodeIgniter\CodeIgniter->handleRequest(null, Object(Config\Cache), false)
 9 FCPATH\index.php(79): CodeIgniter\CodeIgniter->run()
10 SYSTEMPATH\Commands\Server\rewrite.php(47): require_once('C:\\Users\\Hugo\\Documents\\GitHub\\Branch Sistem Pesan Antar\\public\\index.php')
CRITICAL - 2023-12-19 10:35:12 --> ErrorException: Undefined variable $dbrestoran
in APPPATH\Views\pages\home.php on line 137.
 1 APPPATH\Views\pages\home.php(137): CodeIgniter\Debug\Exceptions->errorHandler(2, 'Undefined variable $dbrestoran', 'C:\\Users\\Hugo\\Documents\\GitHub\\Branch Sistem Pesan Antar\\app\\Views\\pages\\home.php', 137)
 2 SYSTEMPATH\View\View.php(228): include('C:\\Users\\Hugo\\Documents\\GitHub\\Branch Sistem Pesan Antar\\app\\Views\\pages\\home.php')
 3 SYSTEMPATH\View\View.php(231): CodeIgniter\View\View->CodeIgniter\View\{closure}()
 4 SYSTEMPATH\Common.php(1172): CodeIgniter\View\View->render('pages/home', [], true)
 5 APPPATH\Controllers\Pages.php(16): view('pages/home')
 6 SYSTEMPATH\CodeIgniter.php(942): App\Controllers\Pages->index()
 7 SYSTEMPATH\CodeIgniter.php(502): CodeIgniter\CodeIgniter->runController(Object(App\Controllers\Pages))
 8 SYSTEMPATH\CodeIgniter.php(361): CodeIgniter\CodeIgniter->handleRequest(null, Object(Config\Cache), false)
 9 FCPATH\index.php(79): CodeIgniter\CodeIgniter->run()
10 SYSTEMPATH\Commands\Server\rewrite.php(47): require_once('C:\\Users\\Hugo\\Documents\\GitHub\\Branch Sistem Pesan Antar\\public\\index.php')
CRITICAL - 2023-12-19 10:35:18 --> ErrorException: Undefined variable $dbrestoran
in APPPATH\Views\pages\home.php on line 137.
 1 APPPATH\Views\pages\home.php(137): CodeIgniter\Debug\Exceptions->errorHandler(2, 'Undefined variable $dbrestoran', 'C:\\Users\\Hugo\\Documents\\GitHub\\Branch Sistem Pesan Antar\\app\\Views\\pages\\home.php', 137)
 2 SYSTEMPATH\View\View.php(228): include('C:\\Users\\Hugo\\Documents\\GitHub\\Branch Sistem Pesan Antar\\app\\Views\\pages\\home.php')
 3 SYSTEMPATH\View\View.php(231): CodeIgniter\View\View->CodeIgniter\View\{closure}()
 4 SYSTEMPATH\Common.php(1172): CodeIgniter\View\View->render('pages/home', [], true)
 5 APPPATH\Controllers\Pages.php(16): view('pages/home')
 6 SYSTEMPATH\CodeIgniter.php(942): App\Controllers\Pages->index()
 7 SYSTEMPATH\CodeIgniter.php(502): CodeIgniter\CodeIgniter->runController(Object(App\Controllers\Pages))
 8 SYSTEMPATH\CodeIgniter.php(361): CodeIgniter\CodeIgniter->handleRequest(null, Object(Config\Cache), false)
 9 FCPATH\index.php(79): CodeIgniter\CodeIgniter->run()
10 SYSTEMPATH\Commands\Server\rewrite.php(47): require_once('C:\\Users\\Hugo\\Documents\\GitHub\\Branch Sistem Pesan Antar\\public\\index.php')
CRITICAL - 2023-12-19 10:35:30 --> ErrorException: Undefined variable $dbrestoran
in APPPATH\Views\pages\home.php on line 137.
 1 APPPATH\Views\pages\home.php(137): CodeIgniter\Debug\Exceptions->errorHandler(2, 'Undefined variable $dbrestoran', 'C:\\Users\\Hugo\\Documents\\GitHub\\Branch Sistem Pesan Antar\\app\\Views\\pages\\home.php', 137)
 2 SYSTEMPATH\View\View.php(228): include('C:\\Users\\Hugo\\Documents\\GitHub\\Branch Sistem Pesan Antar\\app\\Views\\pages\\home.php')
 3 SYSTEMPATH\View\View.php(231): CodeIgniter\View\View->CodeIgniter\View\{closure}()
 4 SYSTEMPATH\Common.php(1172): CodeIgniter\View\View->render('pages/home', [], true)
 5 APPPATH\Controllers\Pages.php(16): view('pages/home')
 6 SYSTEMPATH\CodeIgniter.php(942): App\Controllers\Pages->index()
 7 SYSTEMPATH\CodeIgniter.php(502): CodeIgniter\CodeIgniter->runController(Object(App\Controllers\Pages))
 8 SYSTEMPATH\CodeIgniter.php(361): CodeIgniter\CodeIgniter->handleRequest(null, Object(Config\Cache), false)
 9 FCPATH\index.php(79): CodeIgniter\CodeIgniter->run()
10 SYSTEMPATH\Commands\Server\rewrite.php(47): require_once('C:\\Users\\Hugo\\Documents\\GitHub\\Branch Sistem Pesan Antar\\public\\index.php')
CRITICAL - 2023-12-19 10:36:53 --> ErrorException: Undefined variable $dbrestoran
in APPPATH\Views\pages\home.php on line 137.
 1 APPPATH\Views\pages\home.php(137): CodeIgniter\Debug\Exceptions->errorHandler(2, 'Undefined variable $dbrestoran', 'C:\\Users\\Hugo\\Documents\\GitHub\\Branch Sistem Pesan Antar\\app\\Views\\pages\\home.php', 137)
 2 SYSTEMPATH\View\View.php(228): include('C:\\Users\\Hugo\\Documents\\GitHub\\Branch Sistem Pesan Antar\\app\\Views\\pages\\home.php')
 3 SYSTEMPATH\View\View.php(231): CodeIgniter\View\View->CodeIgniter\View\{closure}()
 4 SYSTEMPATH\Common.php(1172): CodeIgniter\View\View->render('pages/home', [], true)
 5 APPPATH\Controllers\Pages.php(16): view('pages/home')
 6 SYSTEMPATH\CodeIgniter.php(942): App\Controllers\Pages->index()
 7 SYSTEMPATH\CodeIgniter.php(502): CodeIgniter\CodeIgniter->runController(Object(App\Controllers\Pages))
 8 SYSTEMPATH\CodeIgniter.php(361): CodeIgniter\CodeIgniter->handleRequest(null, Object(Config\Cache), false)
 9 FCPATH\index.php(79): CodeIgniter\CodeIgniter->run()
10 SYSTEMPATH\Commands\Server\rewrite.php(47): require_once('C:\\Users\\Hugo\\Documents\\GitHub\\Branch Sistem Pesan Antar\\public\\index.php')
CRITICAL - 2023-12-19 10:37:03 --> ErrorException: Undefined variable $dbrestoran
in APPPATH\Views\pages\home.php on line 137.
 1 APPPATH\Views\pages\home.php(137): CodeIgniter\Debug\Exceptions->errorHandler(2, 'Undefined variable $dbrestoran', 'C:\\Users\\Hugo\\Documents\\GitHub\\Branch Sistem Pesan Antar\\app\\Views\\pages\\home.php', 137)
 2 SYSTEMPATH\View\View.php(228): include('C:\\Users\\Hugo\\Documents\\GitHub\\Branch Sistem Pesan Antar\\app\\Views\\pages\\home.php')
 3 SYSTEMPATH\View\View.php(231): CodeIgniter\View\View->CodeIgniter\View\{closure}()
 4 SYSTEMPATH\Common.php(1172): CodeIgniter\View\View->render('pages/home', [], true)
 5 APPPATH\Controllers\Pages.php(16): view('pages/home')
 6 SYSTEMPATH\CodeIgniter.php(942): App\Controllers\Pages->index()
 7 SYSTEMPATH\CodeIgniter.php(502): CodeIgniter\CodeIgniter->runController(Object(App\Controllers\Pages))
 8 SYSTEMPATH\CodeIgniter.php(361): CodeIgniter\CodeIgniter->handleRequest(null, Object(Config\Cache), false)
 9 FCPATH\index.php(79): CodeIgniter\CodeIgniter->run()
10 SYSTEMPATH\Commands\Server\rewrite.php(47): require_once('C:\\Users\\Hugo\\Documents\\GitHub\\Branch Sistem Pesan Antar\\public\\index.php')
CRITICAL - 2023-12-19 10:38:28 --> ErrorException: Undefined variable $dbrestoran
in APPPATH\Views\pages\home.php on line 137.
 1 APPPATH\Views\pages\home.php(137): CodeIgniter\Debug\Exceptions->errorHandler(2, 'Undefined variable $dbrestoran', 'C:\\Users\\Hugo\\Documents\\GitHub\\Branch Sistem Pesan Antar\\app\\Views\\pages\\home.php', 137)
 2 SYSTEMPATH\View\View.php(228): include('C:\\Users\\Hugo\\Documents\\GitHub\\Branch Sistem Pesan Antar\\app\\Views\\pages\\home.php')
 3 SYSTEMPATH\View\View.php(231): CodeIgniter\View\View->CodeIgniter\View\{closure}()
 4 SYSTEMPATH\Common.php(1172): CodeIgniter\View\View->render('pages/home', [], true)
 5 APPPATH\Controllers\Pages.php(16): view('pages/home')
 6 SYSTEMPATH\CodeIgniter.php(942): App\Controllers\Pages->index()
 7 SYSTEMPATH\CodeIgniter.php(502): CodeIgniter\CodeIgniter->runController(Object(App\Controllers\Pages))
 8 SYSTEMPATH\CodeIgniter.php(361): CodeIgniter\CodeIgniter->handleRequest(null, Object(Config\Cache), false)
 9 FCPATH\index.php(79): CodeIgniter\CodeIgniter->run()
10 SYSTEMPATH\Commands\Server\rewrite.php(47): require_once('C:\\Users\\Hugo\\Documents\\GitHub\\Branch Sistem Pesan Antar\\public\\index.php')
CRITICAL - 2023-12-19 10:42:25 --> ErrorException: Undefined variable $dbrestoran
in APPPATH\Views\pages\home.php on line 137.
 1 APPPATH\Views\pages\home.php(137): CodeIgniter\Debug\Exceptions->errorHandler(2, 'Undefined variable $dbrestoran', 'C:\\Users\\Hugo\\Documents\\GitHub\\Branch Sistem Pesan Antar\\app\\Views\\pages\\home.php', 137)
 2 SYSTEMPATH\View\View.php(228): include('C:\\Users\\Hugo\\Documents\\GitHub\\Branch Sistem Pesan Antar\\app\\Views\\pages\\home.php')
 3 SYSTEMPATH\View\View.php(231): CodeIgniter\View\View->CodeIgniter\View\{closure}()
 4 SYSTEMPATH\Common.php(1172): CodeIgniter\View\View->render('pages/home', [], true)
 5 APPPATH\Controllers\Pages.php(16): view('pages/home')
 6 SYSTEMPATH\CodeIgniter.php(942): App\Controllers\Pages->index()
 7 SYSTEMPATH\CodeIgniter.php(502): CodeIgniter\CodeIgniter->runController(Object(App\Controllers\Pages))
 8 SYSTEMPATH\CodeIgniter.php(361): CodeIgniter\CodeIgniter->handleRequest(null, Object(Config\Cache), false)
 9 FCPATH\index.php(79): CodeIgniter\CodeIgniter->run()
10 SYSTEMPATH\Commands\Server\rewrite.php(47): require_once('C:\\Users\\Hugo\\Documents\\GitHub\\Branch Sistem Pesan Antar\\public\\index.php')
CRITICAL - 2023-12-19 10:43:58 --> ErrorException: Undefined variable $dbrestoran
in APPPATH\Views\pages\home.php on line 137.
 1 APPPATH\Views\pages\home.php(137): CodeIgniter\Debug\Exceptions->errorHandler(2, 'Undefined variable $dbrestoran', 'C:\\Users\\Hugo\\Documents\\GitHub\\Branch Sistem Pesan Antar\\app\\Views\\pages\\home.php', 137)
 2 SYSTEMPATH\View\View.php(228): include('C:\\Users\\Hugo\\Documents\\GitHub\\Branch Sistem Pesan Antar\\app\\Views\\pages\\home.php')
 3 SYSTEMPATH\View\View.php(231): CodeIgniter\View\View->CodeIgniter\View\{closure}()
 4 SYSTEMPATH\Common.php(1172): CodeIgniter\View\View->render('pages/home', [], true)
 5 APPPATH\Controllers\Pages.php(16): view('pages/home')
 6 SYSTEMPATH\CodeIgniter.php(942): App\Controllers\Pages->index()
 7 SYSTEMPATH\CodeIgniter.php(502): CodeIgniter\CodeIgniter->runController(Object(App\Controllers\Pages))
 8 SYSTEMPATH\CodeIgniter.php(361): CodeIgniter\CodeIgniter->handleRequest(null, Object(Config\Cache), false)
 9 FCPATH\index.php(79): CodeIgniter\CodeIgniter->run()
10 SYSTEMPATH\Commands\Server\rewrite.php(47): require_once('C:\\Users\\Hugo\\Documents\\GitHub\\Branch Sistem Pesan Antar\\public\\index.php')
CRITICAL - 2023-12-19 10:44:03 --> ErrorException: Undefined variable $dbrestoran
in APPPATH\Views\pages\home.php on line 137.
 1 APPPATH\Views\pages\home.php(137): CodeIgniter\Debug\Exceptions->errorHandler(2, 'Undefined variable $dbrestoran', 'C:\\Users\\Hugo\\Documents\\GitHub\\Branch Sistem Pesan Antar\\app\\Views\\pages\\home.php', 137)
 2 SYSTEMPATH\View\View.php(228): include('C:\\Users\\Hugo\\Documents\\GitHub\\Branch Sistem Pesan Antar\\app\\Views\\pages\\home.php')
 3 SYSTEMPATH\View\View.php(231): CodeIgniter\View\View->CodeIgniter\View\{closure}()
 4 SYSTEMPATH\Common.php(1172): CodeIgniter\View\View->render('pages/home', [], true)
 5 APPPATH\Controllers\Pages.php(16): view('pages/home')
 6 SYSTEMPATH\CodeIgniter.php(942): App\Controllers\Pages->index()
 7 SYSTEMPATH\CodeIgniter.php(502): CodeIgniter\CodeIgniter->runController(Object(App\Controllers\Pages))
 8 SYSTEMPATH\CodeIgniter.php(361): CodeIgniter\CodeIgniter->handleRequest(null, Object(Config\Cache), false)
 9 FCPATH\index.php(79): CodeIgniter\CodeIgniter->run()
10 SYSTEMPATH\Commands\Server\rewrite.php(47): require_once('C:\\Users\\Hugo\\Documents\\GitHub\\Branch Sistem Pesan Antar\\public\\index.php')
CRITICAL - 2023-12-19 10:45:03 --> ErrorException: Undefined variable $dbrestoran
in APPPATH\Views\pages\home.php on line 137.
 1 APPPATH\Views\pages\home.php(137): CodeIgniter\Debug\Exceptions->errorHandler(2, 'Undefined variable $dbrestoran', 'C:\\Users\\Hugo\\Documents\\GitHub\\Branch Sistem Pesan Antar\\app\\Views\\pages\\home.php', 137)
 2 SYSTEMPATH\View\View.php(228): include('C:\\Users\\Hugo\\Documents\\GitHub\\Branch Sistem Pesan Antar\\app\\Views\\pages\\home.php')
 3 SYSTEMPATH\View\View.php(231): CodeIgniter\View\View->CodeIgniter\View\{closure}()
 4 SYSTEMPATH\Common.php(1172): CodeIgniter\View\View->render('pages/home', [], true)
 5 APPPATH\Controllers\Pages.php(16): view('pages/home')
 6 SYSTEMPATH\CodeIgniter.php(942): App\Controllers\Pages->index()
 7 SYSTEMPATH\CodeIgniter.php(502): CodeIgniter\CodeIgniter->runController(Object(App\Controllers\Pages))
 8 SYSTEMPATH\CodeIgniter.php(361): CodeIgniter\CodeIgniter->handleRequest(null, Object(Config\Cache), false)
 9 FCPATH\index.php(79): CodeIgniter\CodeIgniter->run()
10 SYSTEMPATH\Commands\Server\rewrite.php(47): require_once('C:\\Users\\Hugo\\Documents\\GitHub\\Branch Sistem Pesan Antar\\public\\index.php')
CRITICAL - 2023-12-19 10:45:05 --> ErrorException: Undefined variable $dbrestoran
in APPPATH\Views\pages\home.php on line 137.
 1 APPPATH\Views\pages\home.php(137): CodeIgniter\Debug\Exceptions->errorHandler(2, 'Undefined variable $dbrestoran', 'C:\\Users\\Hugo\\Documents\\GitHub\\Branch Sistem Pesan Antar\\app\\Views\\pages\\home.php', 137)
 2 SYSTEMPATH\View\View.php(228): include('C:\\Users\\Hugo\\Documents\\GitHub\\Branch Sistem Pesan Antar\\app\\Views\\pages\\home.php')
 3 SYSTEMPATH\View\View.php(231): CodeIgniter\View\View->CodeIgniter\View\{closure}()
 4 SYSTEMPATH\Common.php(1172): CodeIgniter\View\View->render('pages/home', [], true)
 5 APPPATH\Controllers\Pages.php(16): view('pages/home')
 6 SYSTEMPATH\CodeIgniter.php(942): App\Controllers\Pages->index()
 7 SYSTEMPATH\CodeIgniter.php(502): CodeIgniter\CodeIgniter->runController(Object(App\Controllers\Pages))
 8 SYSTEMPATH\CodeIgniter.php(361): CodeIgniter\CodeIgniter->handleRequest(null, Object(Config\Cache), false)
 9 FCPATH\index.php(79): CodeIgniter\CodeIgniter->run()
10 SYSTEMPATH\Commands\Server\rewrite.php(47): require_once('C:\\Users\\Hugo\\Documents\\GitHub\\Branch Sistem Pesan Antar\\public\\index.php')
CRITICAL - 2023-12-19 10:45:05 --> ErrorException: Undefined variable $dbrestoran
in APPPATH\Views\pages\home.php on line 137.
 1 APPPATH\Views\pages\home.php(137): CodeIgniter\Debug\Exceptions->errorHandler(2, 'Undefined variable $dbrestoran', 'C:\\Users\\Hugo\\Documents\\GitHub\\Branch Sistem Pesan Antar\\app\\Views\\pages\\home.php', 137)
 2 SYSTEMPATH\View\View.php(228): include('C:\\Users\\Hugo\\Documents\\GitHub\\Branch Sistem Pesan Antar\\app\\Views\\pages\\home.php')
 3 SYSTEMPATH\View\View.php(231): CodeIgniter\View\View->CodeIgniter\View\{closure}()
 4 SYSTEMPATH\Common.php(1172): CodeIgniter\View\View->render('pages/home', [], true)
 5 APPPATH\Controllers\Pages.php(16): view('pages/home')
 6 SYSTEMPATH\CodeIgniter.php(942): App\Controllers\Pages->index()
 7 SYSTEMPATH\CodeIgniter.php(502): CodeIgniter\CodeIgniter->runController(Object(App\Controllers\Pages))
 8 SYSTEMPATH\CodeIgniter.php(361): CodeIgniter\CodeIgniter->handleRequest(null, Object(Config\Cache), false)
 9 FCPATH\index.php(79): CodeIgniter\CodeIgniter->run()
10 SYSTEMPATH\Commands\Server\rewrite.php(47): require_once('C:\\Users\\Hugo\\Documents\\GitHub\\Branch Sistem Pesan Antar\\public\\index.php')
CRITICAL - 2023-12-19 10:48:54 --> ErrorException: Undefined variable $dbrestoran
in APPPATH\Views\pages\home.php on line 137.
 1 APPPATH\Views\pages\home.php(137): CodeIgniter\Debug\Exceptions->errorHandler(2, 'Undefined variable $dbrestoran', 'C:\\Users\\Hugo\\Documents\\GitHub\\Branch Sistem Pesan Antar\\app\\Views\\pages\\home.php', 137)
 2 SYSTEMPATH\View\View.php(228): include('C:\\Users\\Hugo\\Documents\\GitHub\\Branch Sistem Pesan Antar\\app\\Views\\pages\\home.php')
 3 SYSTEMPATH\View\View.php(231): CodeIgniter\View\View->CodeIgniter\View\{closure}()
 4 SYSTEMPATH\Common.php(1172): CodeIgniter\View\View->render('pages/home', [], true)
 5 APPPATH\Controllers\Pages.php(16): view('pages/home')
 6 SYSTEMPATH\CodeIgniter.php(942): App\Controllers\Pages->index()
 7 SYSTEMPATH\CodeIgniter.php(502): CodeIgniter\CodeIgniter->runController(Object(App\Controllers\Pages))
 8 SYSTEMPATH\CodeIgniter.php(361): CodeIgniter\CodeIgniter->handleRequest(null, Object(Config\Cache), false)
 9 FCPATH\index.php(79): CodeIgniter\CodeIgniter->run()
10 SYSTEMPATH\Commands\Server\rewrite.php(47): require_once('C:\\Users\\Hugo\\Documents\\GitHub\\Branch Sistem Pesan Antar\\public\\index.php')
CRITICAL - 2023-12-19 10:48:57 --> ErrorException: Undefined variable $dbrestoran
in APPPATH\Views\pages\home.php on line 137.
 1 APPPATH\Views\pages\home.php(137): CodeIgniter\Debug\Exceptions->errorHandler(2, 'Undefined variable $dbrestoran', 'C:\\Users\\Hugo\\Documents\\GitHub\\Branch Sistem Pesan Antar\\app\\Views\\pages\\home.php', 137)
 2 SYSTEMPATH\View\View.php(228): include('C:\\Users\\Hugo\\Documents\\GitHub\\Branch Sistem Pesan Antar\\app\\Views\\pages\\home.php')
 3 SYSTEMPATH\View\View.php(231): CodeIgniter\View\View->CodeIgniter\View\{closure}()
 4 SYSTEMPATH\Common.php(1172): CodeIgniter\View\View->render('pages/home', [], true)
 5 APPPATH\Controllers\Pages.php(16): view('pages/home')
 6 SYSTEMPATH\CodeIgniter.php(942): App\Controllers\Pages->index()
 7 SYSTEMPATH\CodeIgniter.php(502): CodeIgniter\CodeIgniter->runController(Object(App\Controllers\Pages))
 8 SYSTEMPATH\CodeIgniter.php(361): CodeIgniter\CodeIgniter->handleRequest(null, Object(Config\Cache), false)
 9 FCPATH\index.php(79): CodeIgniter\CodeIgniter->run()
10 SYSTEMPATH\Commands\Server\rewrite.php(47): require_once('C:\\Users\\Hugo\\Documents\\GitHub\\Branch Sistem Pesan Antar\\public\\index.php')
CRITICAL - 2023-12-19 10:49:00 --> ErrorException: Undefined variable $data
in APPPATH\Controllers\RekomendasiAPI.php on line 29.
 1 APPPATH\Controllers\RekomendasiAPI.php(29): CodeIgniter\Debug\Exceptions->errorHandler(2, 'Undefined variable $data', 'C:\\Users\\Hugo\\Documents\\GitHub\\Branch Sistem Pesan Antar\\app\\Controllers\\RekomendasiAPI.php', 29)
 2 SYSTEMPATH\CodeIgniter.php(942): App\Controllers\RekomendasiAPI->index()
 3 SYSTEMPATH\CodeIgniter.php(502): CodeIgniter\CodeIgniter->runController(Object(App\Controllers\RekomendasiAPI))
 4 SYSTEMPATH\CodeIgniter.php(361): CodeIgniter\CodeIgniter->handleRequest(null, Object(Config\Cache), false)
 5 FCPATH\index.php(79): CodeIgniter\CodeIgniter->run()
 6 SYSTEMPATH\Commands\Server\rewrite.php(47): require_once('C:\\Users\\Hugo\\Documents\\GitHub\\Branch Sistem Pesan Antar\\public\\index.php')
CRITICAL - 2023-12-19 10:49:52 --> ErrorException: Undefined variable $data
in APPPATH\Controllers\RekomendasiAPI.php on line 29.
 1 APPPATH\Controllers\RekomendasiAPI.php(29): CodeIgniter\Debug\Exceptions->errorHandler(2, 'Undefined variable $data', 'C:\\Users\\Hugo\\Documents\\GitHub\\Branch Sistem Pesan Antar\\app\\Controllers\\RekomendasiAPI.php', 29)
 2 SYSTEMPATH\CodeIgniter.php(942): App\Controllers\RekomendasiAPI->index()
 3 SYSTEMPATH\CodeIgniter.php(502): CodeIgniter\CodeIgniter->runController(Object(App\Controllers\RekomendasiAPI))
 4 SYSTEMPATH\CodeIgniter.php(361): CodeIgniter\CodeIgniter->handleRequest(null, Object(Config\Cache), false)
 5 FCPATH\index.php(79): CodeIgniter\CodeIgniter->run()
 6 SYSTEMPATH\Commands\Server\rewrite.php(47): require_once('C:\\Users\\Hugo\\Documents\\GitHub\\Branch Sistem Pesan Antar\\public\\index.php')
CRITICAL - 2023-12-19 10:49:53 --> ErrorException: Undefined variable $data
in APPPATH\Controllers\RekomendasiAPI.php on line 29.
 1 APPPATH\Controllers\RekomendasiAPI.php(29): CodeIgniter\Debug\Exceptions->errorHandler(2, 'Undefined variable $data', 'C:\\Users\\Hugo\\Documents\\GitHub\\Branch Sistem Pesan Antar\\app\\Controllers\\RekomendasiAPI.php', 29)
 2 SYSTEMPATH\CodeIgniter.php(942): App\Controllers\RekomendasiAPI->index()
 3 SYSTEMPATH\CodeIgniter.php(502): CodeIgniter\CodeIgniter->runController(Object(App\Controllers\RekomendasiAPI))
 4 SYSTEMPATH\CodeIgniter.php(361): CodeIgniter\CodeIgniter->handleRequest(null, Object(Config\Cache), false)
 5 FCPATH\index.php(79): CodeIgniter\CodeIgniter->run()
 6 SYSTEMPATH\Commands\Server\rewrite.php(47): require_once('C:\\Users\\Hugo\\Documents\\GitHub\\Branch Sistem Pesan Antar\\public\\index.php')
CRITICAL - 2023-12-19 10:50:22 --> ErrorException: Undefined variable $dbrestoran
in APPPATH\Views\pages\home.php on line 137.
 1 APPPATH\Views\pages\home.php(137): CodeIgniter\Debug\Exceptions->errorHandler(2, 'Undefined variable $dbrestoran', 'C:\\Users\\Hugo\\Documents\\GitHub\\Branch Sistem Pesan Antar\\app\\Views\\pages\\home.php', 137)
 2 SYSTEMPATH\View\View.php(228): include('C:\\Users\\Hugo\\Documents\\GitHub\\Branch Sistem Pesan Antar\\app\\Views\\pages\\home.php')
 3 SYSTEMPATH\View\View.php(231): CodeIgniter\View\View->CodeIgniter\View\{closure}()
 4 SYSTEMPATH\Common.php(1172): CodeIgniter\View\View->render('pages/home', [], true)
 5 APPPATH\Controllers\Pages.php(16): view('pages/home')
 6 SYSTEMPATH\CodeIgniter.php(942): App\Controllers\Pages->index()
 7 SYSTEMPATH\CodeIgniter.php(502): CodeIgniter\CodeIgniter->runController(Object(App\Controllers\Pages))
 8 SYSTEMPATH\CodeIgniter.php(361): CodeIgniter\CodeIgniter->handleRequest(null, Object(Config\Cache), false)
 9 FCPATH\index.php(79): CodeIgniter\CodeIgniter->run()
10 SYSTEMPATH\Commands\Server\rewrite.php(47): require_once('C:\\Users\\Hugo\\Documents\\GitHub\\Branch Sistem Pesan Antar\\public\\index.php')
CRITICAL - 2023-12-19 11:44:06 --> CodeIgniter\View\Exceptions\ViewException: Invalid file: "login.php"
in SYSTEMPATH\Exceptions\FrameworkException.php on line 39.
 1 SYSTEMPATH\View\View.php(216): CodeIgniter\Exceptions\FrameworkException::forInvalidFile('login.php')
 2 SYSTEMPATH\Common.php(1172): CodeIgniter\View\View->render('login', [], true)
 3 APPPATH\Controllers\LoginController.php(6): view('login')
 4 SYSTEMPATH\CodeIgniter.php(942): App\Controllers\LoginController->index()
 5 SYSTEMPATH\CodeIgniter.php(502): CodeIgniter\CodeIgniter->runController(Object(App\Controllers\LoginController))
 6 SYSTEMPATH\CodeIgniter.php(361): CodeIgniter\CodeIgniter->handleRequest(null, Object(Config\Cache), false)
 7 FCPATH\index.php(79): CodeIgniter\CodeIgniter->run()
 8 SYSTEMPATH\Commands\Server\rewrite.php(47): require_once('C:\\Users\\Hugo\\Documents\\GitHub\\Branch Sistem Pesan Antar\\public\\index.php')
INFO - 2023-12-19 11:50:59 --> Session: Class initialized using 'CodeIgniter\Session\Handlers\FileHandler' driver.
INFO - 2023-12-19 11:51:04 --> Session: Class initialized using 'CodeIgniter\Session\Handlers\FileHandler' driver.
INFO - 2023-12-19 11:51:07 --> Session: Class initialized using 'CodeIgniter\Session\Handlers\FileHandler' driver.
INFO - 2023-12-19 11:51:18 --> Session: Class initialized using 'CodeIgniter\Session\Handlers\FileHandler' driver.
INFO - 2023-12-19 11:51:19 --> Session: Class initialized using 'CodeIgniter\Session\Handlers\FileHandler' driver.
INFO - 2023-12-19 11:51:20 --> Session: Class initialized using 'CodeIgniter\Session\Handlers\FileHandler' driver.
INFO - 2023-12-19 11:51:20 --> Session: Class initialized using 'CodeIgniter\Session\Handlers\FileHandler' driver.
INFO - 2023-12-19 11:51:21 --> Session: Class initialized using 'CodeIgniter\Session\Handlers\FileHandler' driver.
INFO - 2023-12-19 11:51:23 --> Session: Class initialized using 'CodeIgniter\Session\Handlers\FileHandler' driver.
INFO - 2023-12-19 11:51:24 --> Session: Class initialized using 'CodeIgniter\Session\Handlers\FileHandler' driver.
INFO - 2023-12-19 11:51:24 --> Session: Class initialized using 'CodeIgniter\Session\Handlers\FileHandler' driver.
INFO - 2023-12-19 11:51:25 --> Session: Class initialized using 'CodeIgniter\Session\Handlers\FileHandler' driver.
INFO - 2023-12-19 11:51:26 --> Session: Class initialized using 'CodeIgniter\Session\Handlers\FileHandler' driver.
INFO - 2023-12-19 11:51:26 --> Session: Class initialized using 'CodeIgniter\Session\Handlers\FileHandler' driver.
INFO - 2023-12-19 11:51:27 --> Session: Class initialized using 'CodeIgniter\Session\Handlers\FileHandler' driver.
INFO - 2023-12-19 11:51:27 --> Session: Class initialized using 'CodeIgniter\Session\Handlers\FileHandler' driver.
INFO - 2023-12-19 11:51:28 --> Session: Class initialized using 'CodeIgniter\Session\Handlers\FileHandler' driver.
INFO - 2023-12-19 11:51:29 --> Session: Class initialized using 'CodeIgniter\Session\Handlers\FileHandler' driver.
INFO - 2023-12-19 11:51:29 --> Session: Class initialized using 'CodeIgniter\Session\Handlers\FileHandler' driver.
INFO - 2023-12-19 11:51:30 --> Session: Class initialized using 'CodeIgniter\Session\Handlers\FileHandler' driver.
INFO - 2023-12-19 11:51:31 --> Session: Class initialized using 'CodeIgniter\Session\Handlers\FileHandler' driver.
INFO - 2023-12-19 11:51:31 --> Session: Class initialized using 'CodeIgniter\Session\Handlers\FileHandler' driver.
INFO - 2023-12-19 11:51:32 --> Session: Class initialized using 'CodeIgniter\Session\Handlers\FileHandler' driver.
INFO - 2023-12-19 11:51:32 --> Session: Class initialized using 'CodeIgniter\Session\Handlers\FileHandler' driver.
INFO - 2023-12-19 11:51:33 --> Session: Class initialized using 'CodeIgniter\Session\Handlers\FileHandler' driver.
INFO - 2023-12-19 11:51:38 --> Session: Class initialized using 'CodeIgniter\Session\Handlers\FileHandler' driver.
INFO - 2023-12-19 11:51:40 --> Session: Class initialized using 'CodeIgniter\Session\Handlers\FileHandler' driver.
INFO - 2023-12-19 11:51:41 --> Session: Class initialized using 'CodeIgniter\Session\Handlers\FileHandler' driver.
INFO - 2023-12-19 11:51:57 --> Session: Class initialized using 'CodeIgniter\Session\Handlers\FileHandler' driver.
INFO - 2023-12-19 11:53:27 --> Session: Class initialized using 'CodeIgniter\Session\Handlers\FileHandler' driver.
INFO - 2023-12-19 11:53:30 --> Session: Class initialized using 'CodeIgniter\Session\Handlers\FileHandler' driver.
INFO - 2023-12-19 11:53:31 --> Session: Class initialized using 'CodeIgniter\Session\Handlers\FileHandler' driver.
INFO - 2023-12-19 11:53:33 --> Session: Class initialized using 'CodeIgniter\Session\Handlers\FileHandler' driver.
INFO - 2023-12-19 11:53:33 --> Session: Class initialized using 'CodeIgniter\Session\Handlers\FileHandler' driver.
INFO - 2023-12-19 11:53:34 --> Session: Class initialized using 'CodeIgniter\Session\Handlers\FileHandler' driver.
INFO - 2023-12-19 11:54:26 --> Session: Class initialized using 'CodeIgniter\Session\Handlers\FileHandler' driver.
INFO - 2023-12-19 11:54:29 --> Session: Class initialized using 'CodeIgniter\Session\Handlers\FileHandler' driver.
INFO - 2023-12-19 11:54:30 --> Session: Class initialized using 'CodeIgniter\Session\Handlers\FileHandler' driver.
INFO - 2023-12-19 11:54:32 --> Session: Class initialized using 'CodeIgniter\Session\Handlers\FileHandler' driver.
INFO - 2023-12-19 11:55:32 --> Session: Class initialized using 'CodeIgniter\Session\Handlers\FileHandler' driver.
INFO - 2023-12-19 11:55:43 --> Session: Class initialized using 'CodeIgniter\Session\Handlers\FileHandler' driver.
INFO - 2023-12-19 11:55:43 --> Session: Class initialized using 'CodeIgniter\Session\Handlers\FileHandler' driver.
INFO - 2023-12-19 11:55:44 --> Session: Class initialized using 'CodeIgniter\Session\Handlers\FileHandler' driver.
INFO - 2023-12-19 11:55:45 --> Session: Class initialized using 'CodeIgniter\Session\Handlers\FileHandler' driver.
INFO - 2023-12-19 11:55:45 --> Session: Class initialized using 'CodeIgniter\Session\Handlers\FileHandler' driver.
INFO - 2023-12-19 11:55:46 --> Session: Class initialized using 'CodeIgniter\Session\Handlers\FileHandler' driver.
INFO - 2023-12-19 11:55:47 --> Session: Class initialized using 'CodeIgniter\Session\Handlers\FileHandler' driver.
INFO - 2023-12-19 11:56:03 --> Session: Class initialized using 'CodeIgniter\Session\Handlers\FileHandler' driver.
INFO - 2023-12-19 12:00:33 --> Session: Class initialized using 'CodeIgniter\Session\Handlers\FileHandler' driver.
INFO - 2023-12-19 12:00:37 --> Session: Class initialized using 'CodeIgniter\Session\Handlers\FileHandler' driver.
INFO - 2023-12-19 12:00:40 --> Session: Class initialized using 'CodeIgniter\Session\Handlers\FileHandler' driver.
INFO - 2023-12-19 12:00:41 --> Session: Class initialized using 'CodeIgniter\Session\Handlers\FileHandler' driver.
INFO - 2023-12-19 12:00:55 --> Session: Class initialized using 'CodeIgniter\Session\Handlers\FileHandler' driver.
INFO - 2023-12-19 12:00:56 --> Session: Class initialized using 'CodeIgniter\Session\Handlers\FileHandler' driver.
INFO - 2023-12-19 12:00:56 --> Session: Class initialized using 'CodeIgniter\Session\Handlers\FileHandler' driver.
INFO - 2023-12-19 12:00:57 --> Session: Class initialized using 'CodeIgniter\Session\Handlers\FileHandler' driver.
INFO - 2023-12-19 12:00:58 --> Session: Class initialized using 'CodeIgniter\Session\Handlers\FileHandler' driver.
INFO - 2023-12-19 12:00:58 --> Session: Class initialized using 'CodeIgniter\Session\Handlers\FileHandler' driver.
INFO - 2023-12-19 12:01:03 --> Session: Class initialized using 'CodeIgniter\Session\Handlers\FileHandler' driver.
INFO - 2023-12-19 12:01:04 --> Session: Class initialized using 'CodeIgniter\Session\Handlers\FileHandler' driver.
INFO - 2023-12-19 12:01:04 --> Session: Class initialized using 'CodeIgniter\Session\Handlers\FileHandler' driver.
INFO - 2023-12-19 12:01:05 --> Session: Class initialized using 'CodeIgniter\Session\Handlers\FileHandler' driver.
INFO - 2023-12-19 12:01:05 --> Session: Class initialized using 'CodeIgniter\Session\Handlers\FileHandler' driver.
INFO - 2023-12-19 12:01:06 --> Session: Class initialized using 'CodeIgniter\Session\Handlers\FileHandler' driver.
INFO - 2023-12-19 12:01:06 --> Session: Class initialized using 'CodeIgniter\Session\Handlers\FileHandler' driver.
INFO - 2023-12-19 12:01:07 --> Session: Class initialized using 'CodeIgniter\Session\Handlers\FileHandler' driver.
INFO - 2023-12-19 12:01:07 --> Session: Class initialized using 'CodeIgniter\Session\Handlers\FileHandler' driver.
INFO - 2023-12-19 12:01:08 --> Session: Class initialized using 'CodeIgniter\Session\Handlers\FileHandler' driver.
INFO - 2023-12-19 12:01:08 --> Session: Class initialized using 'CodeIgniter\Session\Handlers\FileHandler' driver.
INFO - 2023-12-19 12:01:09 --> Session: Class initialized using 'CodeIgniter\Session\Handlers\FileHandler' driver.
INFO - 2023-12-19 12:01:09 --> Session: Class initialized using 'CodeIgniter\Session\Handlers\FileHandler' driver.
INFO - 2023-12-19 12:01:10 --> Session: Class initialized using 'CodeIgniter\Session\Handlers\FileHandler' driver.
INFO - 2023-12-19 12:01:11 --> Session: Class initialized using 'CodeIgniter\Session\Handlers\FileHandler' driver.
INFO - 2023-12-19 12:01:11 --> Session: Class initialized using 'CodeIgniter\Session\Handlers\FileHandler' driver.
INFO - 2023-12-19 12:01:12 --> Session: Class initialized using 'CodeIgniter\Session\Handlers\FileHandler' driver.
INFO - 2023-12-19 12:01:12 --> Session: Class initialized using 'CodeIgniter\Session\Handlers\FileHandler' driver.
INFO - 2023-12-19 12:01:13 --> Session: Class initialized using 'CodeIgniter\Session\Handlers\FileHandler' driver.
INFO - 2023-12-19 12:01:22 --> Session: Class initialized using 'CodeIgniter\Session\Handlers\FileHandler' driver.
INFO - 2023-12-19 12:01:22 --> Session: Class initialized using 'CodeIgniter\Session\Handlers\FileHandler' driver.
INFO - 2023-12-19 12:01:23 --> Session: Class initialized using 'CodeIgniter\Session\Handlers\FileHandler' driver.
INFO - 2023-12-19 12:01:24 --> Session: Class initialized using 'CodeIgniter\Session\Handlers\FileHandler' driver.
INFO - 2023-12-19 12:01:24 --> Session: Class initialized using 'CodeIgniter\Session\Handlers\FileHandler' driver.
INFO - 2023-12-19 12:01:25 --> Session: Class initialized using 'CodeIgniter\Session\Handlers\FileHandler' driver.
INFO - 2023-12-19 12:01:25 --> Session: Class initialized using 'CodeIgniter\Session\Handlers\FileHandler' driver.
INFO - 2023-12-19 12:01:26 --> Session: Class initialized using 'CodeIgniter\Session\Handlers\FileHandler' driver.
INFO - 2023-12-19 12:01:26 --> Session: Class initialized using 'CodeIgniter\Session\Handlers\FileHandler' driver.
INFO - 2023-12-19 12:01:27 --> Session: Class initialized using 'CodeIgniter\Session\Handlers\FileHandler' driver.
INFO - 2023-12-19 12:01:30 --> Session: Class initialized using 'CodeIgniter\Session\Handlers\FileHandler' driver.
INFO - 2023-12-19 12:01:30 --> Session: Class initialized using 'CodeIgniter\Session\Handlers\FileHandler' driver.
INFO - 2023-12-19 12:01:31 --> Session: Class initialized using 'CodeIgniter\Session\Handlers\FileHandler' driver.
INFO - 2023-12-19 12:01:32 --> Session: Class initialized using 'CodeIgniter\Session\Handlers\FileHandler' driver.
INFO - 2023-12-19 12:01:32 --> Session: Class initialized using 'CodeIgniter\Session\Handlers\FileHandler' driver.
INFO - 2023-12-19 12:01:33 --> Session: Class initialized using 'CodeIgniter\Session\Handlers\FileHandler' driver.
INFO - 2023-12-19 12:01:33 --> Session: Class initialized using 'CodeIgniter\Session\Handlers\FileHandler' driver.
INFO - 2023-12-19 12:01:34 --> Session: Class initialized using 'CodeIgniter\Session\Handlers\FileHandler' driver.
INFO - 2023-12-19 12:01:34 --> Session: Class initialized using 'CodeIgniter\Session\Handlers\FileHandler' driver.
INFO - 2023-12-19 12:01:35 --> Session: Class initialized using 'CodeIgniter\Session\Handlers\FileHandler' driver.
INFO - 2023-12-19 12:01:35 --> Session: Class initialized using 'CodeIgniter\Session\Handlers\FileHandler' driver.
INFO - 2023-12-19 12:01:36 --> Session: Class initialized using 'CodeIgniter\Session\Handlers\FileHandler' driver.
INFO - 2023-12-19 12:01:36 --> Session: Class initialized using 'CodeIgniter\Session\Handlers\FileHandler' driver.
INFO - 2023-12-19 12:01:37 --> Session: Class initialized using 'CodeIgniter\Session\Handlers\FileHandler' driver.
INFO - 2023-12-19 12:01:38 --> Session: Class initialized using 'CodeIgniter\Session\Handlers\FileHandler' driver.
INFO - 2023-12-19 12:01:38 --> Session: Class initialized using 'CodeIgniter\Session\Handlers\FileHandler' driver.
INFO - 2023-12-19 12:01:39 --> Session: Class initialized using 'CodeIgniter\Session\Handlers\FileHandler' driver.
INFO - 2023-12-19 12:01:40 --> Session: Class initialized using 'CodeIgniter\Session\Handlers\FileHandler' driver.
INFO - 2023-12-19 12:01:40 --> Session: Class initialized using 'CodeIgniter\Session\Handlers\FileHandler' driver.
INFO - 2023-12-19 12:01:41 --> Session: Class initialized using 'CodeIgniter\Session\Handlers\FileHandler' driver.
CRITICAL - 2023-12-19 14:47:55 --> CodeIgniter\HTTP\Exceptions\HTTPException: 22 : The requested URL returned error: 404
in SYSTEMPATH\HTTP\CURLRequest.php on line 695.
 1 SYSTEMPATH\HTTP\CURLRequest.php(695): CodeIgniter\HTTP\Exceptions\HTTPException::forCurlError('22', 'The requested URL returned error: 404')
 2 SYSTEMPATH\HTTP\CURLRequest.php(387): CodeIgniter\HTTP\CURLRequest->sendRequest([...])
 3 SYSTEMPATH\HTTP\CURLRequest.php(145): CodeIgniter\HTTP\CURLRequest->send('get', 'http://localhost:8081/rekomendasi')
 4 SYSTEMPATH\HTTP\CURLRequest.php(180): CodeIgniter\HTTP\CURLRequest->request('get', 'http://localhost:8081/rekomendasi', [])
 5 APPPATH\Models\RekomendasiAPImodel.php(14): CodeIgniter\HTTP\CURLRequest->get('http://localhost:8081/rekomendasi')
 6 APPPATH\Controllers\RekomendasiAPI.php(26): App\Models\RekomendasiAPImodel->getMenuData()
 7 SYSTEMPATH\CodeIgniter.php(942): App\Controllers\RekomendasiAPI->index()
 8 SYSTEMPATH\CodeIgniter.php(502): CodeIgniter\CodeIgniter->runController(Object(App\Controllers\RekomendasiAPI))
 9 SYSTEMPATH\CodeIgniter.php(361): CodeIgniter\CodeIgniter->handleRequest(null, Object(Config\Cache), false)
10 FCPATH\index.php(79): CodeIgniter\CodeIgniter->run()
11 SYSTEMPATH\Commands\Server\rewrite.php(47): require_once('C:\\Users\\Hugo\\Documents\\GitHub\\TubesTST-Sistem-Pesan-Antar\\public\\index.php')
CRITICAL - 2023-12-19 14:48:11 --> CodeIgniter\HTTP\Exceptions\HTTPException: 22 : The requested URL returned error: 404
in SYSTEMPATH\HTTP\CURLRequest.php on line 695.
 1 SYSTEMPATH\HTTP\CURLRequest.php(695): CodeIgniter\HTTP\Exceptions\HTTPException::forCurlError('22', 'The requested URL returned error: 404')
 2 SYSTEMPATH\HTTP\CURLRequest.php(387): CodeIgniter\HTTP\CURLRequest->sendRequest([...])
 3 SYSTEMPATH\HTTP\CURLRequest.php(145): CodeIgniter\HTTP\CURLRequest->send('get', 'http://localhost:8081/rekomendasi')
 4 SYSTEMPATH\HTTP\CURLRequest.php(180): CodeIgniter\HTTP\CURLRequest->request('get', 'http://localhost:8081/rekomendasi', [])
 5 APPPATH\Models\RekomendasiAPImodel.php(14): CodeIgniter\HTTP\CURLRequest->get('http://localhost:8081/rekomendasi')
 6 APPPATH\Controllers\RekomendasiAPI.php(26): App\Models\RekomendasiAPImodel->getMenuData()
 7 SYSTEMPATH\CodeIgniter.php(942): App\Controllers\RekomendasiAPI->index()
 8 SYSTEMPATH\CodeIgniter.php(502): CodeIgniter\CodeIgniter->runController(Object(App\Controllers\RekomendasiAPI))
 9 SYSTEMPATH\CodeIgniter.php(361): CodeIgniter\CodeIgniter->handleRequest(null, Object(Config\Cache), false)
10 FCPATH\index.php(79): CodeIgniter\CodeIgniter->run()
11 SYSTEMPATH\Commands\Server\rewrite.php(47): require_once('C:\\Users\\Hugo\\Documents\\GitHub\\TubesTST-Sistem-Pesan-Antar\\public\\index.php')
CRITICAL - 2023-12-19 15:10:04 --> CodeIgniter\HTTP\Exceptions\HTTPException: 22 : The requested URL returned error: 404
in SYSTEMPATH\HTTP\CURLRequest.php on line 695.
 1 SYSTEMPATH\HTTP\CURLRequest.php(695): CodeIgniter\HTTP\Exceptions\HTTPException::forCurlError('22', 'The requested URL returned error: 404')
 2 SYSTEMPATH\HTTP\CURLRequest.php(387): CodeIgniter\HTTP\CURLRequest->sendRequest([...])
 3 SYSTEMPATH\HTTP\CURLRequest.php(145): CodeIgniter\HTTP\CURLRequest->send('get', 'http://localhost:8081/rekomendasi')
 4 SYSTEMPATH\HTTP\CURLRequest.php(180): CodeIgniter\HTTP\CURLRequest->request('get', 'http://localhost:8081/rekomendasi', [])
 5 APPPATH\Models\RekomendasiAPImodel.php(14): CodeIgniter\HTTP\CURLRequest->get('http://localhost:8081/rekomendasi')
 6 APPPATH\Controllers\RekomendasiAPI.php(26): App\Models\RekomendasiAPImodel->getMenuData()
 7 SYSTEMPATH\CodeIgniter.php(942): App\Controllers\RekomendasiAPI->index()
 8 SYSTEMPATH\CodeIgniter.php(502): CodeIgniter\CodeIgniter->runController(Object(App\Controllers\RekomendasiAPI))
 9 SYSTEMPATH\CodeIgniter.php(361): CodeIgniter\CodeIgniter->handleRequest(null, Object(Config\Cache), false)
10 FCPATH\index.php(79): CodeIgniter\CodeIgniter->run()
11 SYSTEMPATH\Commands\Server\rewrite.php(47): require_once('C:\\Users\\Hugo\\Documents\\GitHub\\TubesTST-Sistem-Pesan-Antar\\public\\index.php')
CRITICAL - 2023-12-19 15:10:44 --> CodeIgniter\HTTP\Exceptions\HTTPException: 22 : The requested URL returned error: 404
in SYSTEMPATH\HTTP\CURLRequest.php on line 695.
 1 SYSTEMPATH\HTTP\CURLRequest.php(695): CodeIgniter\HTTP\Exceptions\HTTPException::forCurlError('22', 'The requested URL returned error: 404')
 2 SYSTEMPATH\HTTP\CURLRequest.php(387): CodeIgniter\HTTP\CURLRequest->sendRequest([...])
 3 SYSTEMPATH\HTTP\CURLRequest.php(145): CodeIgniter\HTTP\CURLRequest->send('get', 'http://localhost:8081/rekomendasi')
 4 SYSTEMPATH\HTTP\CURLRequest.php(180): CodeIgniter\HTTP\CURLRequest->request('get', 'http://localhost:8081/rekomendasi', [])
 5 APPPATH\Models\RekomendasiAPImodel.php(14): CodeIgniter\HTTP\CURLRequest->get('http://localhost:8081/rekomendasi')
 6 APPPATH\Controllers\RekomendasiAPI.php(26): App\Models\RekomendasiAPImodel->getMenuData()
 7 SYSTEMPATH\CodeIgniter.php(942): App\Controllers\RekomendasiAPI->index()
 8 SYSTEMPATH\CodeIgniter.php(502): CodeIgniter\CodeIgniter->runController(Object(App\Controllers\RekomendasiAPI))
 9 SYSTEMPATH\CodeIgniter.php(361): CodeIgniter\CodeIgniter->handleRequest(null, Object(Config\Cache), false)
10 FCPATH\index.php(79): CodeIgniter\CodeIgniter->run()
11 SYSTEMPATH\Commands\Server\rewrite.php(47): require_once('C:\\Users\\Hugo\\Documents\\GitHub\\TubesTST-Sistem-Pesan-Antar\\public\\index.php')
