WARNING - 2023-12-15 04:18:12 --> [DEPRECATED] Creation of dynamic property App\Controllers\Home::$nama is deprecated in APPPATH\Controllers\BaseController.php on line 57.
 1 SYSTEMPATH\CodeIgniter.php(915): App\Controllers\BaseController->initController(Object(CodeIgniter\HTTP\IncomingRequest), Object(CodeIgniter\HTTP\Response), Object(CodeIgniter\Log\Logger))
 2 SYSTEMPATH\CodeIgniter.php(493): CodeIgniter\CodeIgniter->createController()
 3 SYSTEMPATH\CodeIgniter.php(361): CodeIgniter\CodeIgniter->handleRequest(null, Object(Config\Cache), false)
 4 FCPATH\index.php(79): CodeIgniter\CodeIgniter->run()
 5 SYSTEMPATH\Commands\Server\rewrite.php(47): require_once('C:\\Users\\Lenovo\\OneDrive\\Documents\\aifb\\TubesTST-Sistem-Pesan-Antar\\public\\index.php')
WARNING - 2023-12-15 04:19:57 --> [DEPRECATED] Creation of dynamic property App\Controllers\Home::$nama is deprecated in APPPATH\Controllers\BaseController.php on line 57.
 1 SYSTEMPATH\CodeIgniter.php(915): App\Controllers\BaseController->initController(Object(CodeIgniter\HTTP\IncomingRequest), Object(CodeIgniter\HTTP\Response), Object(CodeIgniter\Log\Logger))
 2 SYSTEMPATH\CodeIgniter.php(493): CodeIgniter\CodeIgniter->createController()
 3 SYSTEMPATH\CodeIgniter.php(361): CodeIgniter\CodeIgniter->handleRequest(null, Object(Config\Cache), false)
 4 FCPATH\index.php(79): CodeIgniter\CodeIgniter->run()
 5 SYSTEMPATH\Commands\Server\rewrite.php(47): require_once('C:\\Users\\Lenovo\\OneDrive\\Documents\\aifb\\TubesTST-Sistem-Pesan-Antar\\public\\index.php')
CRITICAL - 2023-12-15 04:31:45 --> CodeIgniter\View\Exceptions\ViewException: Invalid file: "myOrder.php"
in SYSTEMPATH\Exceptions\FrameworkException.php on line 39.
 1 SYSTEMPATH\View\View.php(216): CodeIgniter\Exceptions\FrameworkException::forInvalidFile('myOrder.php')
 2 SYSTEMPATH\Common.php(1172): CodeIgniter\View\View->render('myOrder', [], true)
 3 APPPATH\Controllers\Pages.php(16): view('myOrder')
 4 SYSTEMPATH\CodeIgniter.php(942): App\Controllers\Pages->myOrder()
 5 SYSTEMPATH\CodeIgniter.php(502): CodeIgniter\CodeIgniter->runController(Object(App\Controllers\Pages))
 6 SYSTEMPATH\CodeIgniter.php(361): CodeIgniter\CodeIgniter->handleRequest(null, Object(Config\Cache), false)
 7 FCPATH\index.php(79): CodeIgniter\CodeIgniter->run()
 8 SYSTEMPATH\Commands\Server\rewrite.php(47): require_once('C:\\Users\\Lenovo\\OneDrive\\Documents\\aifb\\TubesTST-Sistem-Pesan-Antar\\public\\index.php')
CRITICAL - 2023-12-15 04:34:29 --> ErrorException: Undefined property: CodeIgniter\View\View::$cart
in APPPATH\Views\pages\myOrder.php on line 33.
 1 APPPATH\Views\pages\myOrder.php(33): CodeIgniter\Debug\Exceptions->errorHandler(2, 'Undefined property: CodeIgniter\\View\\View::$cart', 'C:\\Users\\Lenovo\\OneDrive\\Documents\\aifb\\TubesTST-Sistem-Pesan-Antar\\app\\Views\\pages\\myOrder.php', 33)
 2 SYSTEMPATH\View\View.php(228): include('C:\\Users\\Lenovo\\OneDrive\\Documents\\aifb\\TubesTST-Sistem-Pesan-Antar\\app\\Views\\pages\\myOrder.php')
 3 SYSTEMPATH\View\View.php(231): CodeIgniter\View\View->CodeIgniter\View\{closure}()
 4 SYSTEMPATH\Common.php(1172): CodeIgniter\View\View->render('pages/myOrder', [], true)
 5 APPPATH\Controllers\Pages.php(16): view('pages/myOrder')
 6 SYSTEMPATH\CodeIgniter.php(942): App\Controllers\Pages->myOrder()
 7 SYSTEMPATH\CodeIgniter.php(502): CodeIgniter\CodeIgniter->runController(Object(App\Controllers\Pages))
 8 SYSTEMPATH\CodeIgniter.php(361): CodeIgniter\CodeIgniter->handleRequest(null, Object(Config\Cache), false)
 9 FCPATH\index.php(79): CodeIgniter\CodeIgniter->run()
10 SYSTEMPATH\Commands\Server\rewrite.php(47): require_once('C:\\Users\\Lenovo\\OneDrive\\Documents\\aifb\\TubesTST-Sistem-Pesan-Antar\\public\\index.php')
CRITICAL - 2023-12-15 05:19:24 --> ErrorException: Undefined property: CodeIgniter\View\View::$session
in APPPATH\Views\pages\home.php on line 131.
 1 APPPATH\Views\pages\home.php(131): CodeIgniter\Debug\Exceptions->errorHandler(2, 'Undefined property: CodeIgniter\\View\\View::$session', 'C:\\Users\\Lenovo\\OneDrive\\Documents\\aifb\\TubesTST-Sistem-Pesan-Antar\\app\\Views\\pages\\home.php', 131)
 2 SYSTEMPATH\View\View.php(228): include('C:\\Users\\Lenovo\\OneDrive\\Documents\\aifb\\TubesTST-Sistem-Pesan-Antar\\app\\Views\\pages\\home.php')
 3 SYSTEMPATH\View\View.php(231): CodeIgniter\View\View->CodeIgniter\View\{closure}()
 4 SYSTEMPATH\Common.php(1172): CodeIgniter\View\View->render('pages/home', [], true)
 5 APPPATH\Controllers\Pages.php(16): view('pages/home')
 6 SYSTEMPATH\CodeIgniter.php(942): App\Controllers\Pages->index()
 7 SYSTEMPATH\CodeIgniter.php(502): CodeIgniter\CodeIgniter->runController(Object(App\Controllers\Pages))
 8 SYSTEMPATH\CodeIgniter.php(361): CodeIgniter\CodeIgniter->handleRequest(null, Object(Config\Cache), false)
 9 FCPATH\index.php(79): CodeIgniter\CodeIgniter->run()
10 SYSTEMPATH\Commands\Server\rewrite.php(47): require_once('C:\\Users\\Lenovo\\OneDrive\\Documents\\aifb\\TubesTST-Sistem-Pesan-Antar\\public\\index.php')
CRITICAL - 2023-12-15 05:49:38 --> CodeIgniter\View\Exceptions\ViewException: Invalid file: "layout/home.php"
in SYSTEMPATH\Exceptions\FrameworkException.php on line 39.
 1 SYSTEMPATH\View\View.php(216): CodeIgniter\Exceptions\FrameworkException::forInvalidFile('layout/home.php')
 2 SYSTEMPATH\Common.php(1172): CodeIgniter\View\View->render('layout/home', [], true)
 3 APPPATH\Controllers\Pages.php(15): view('layout/home', [...])
 4 SYSTEMPATH\CodeIgniter.php(942): App\Controllers\Pages->index()
 5 SYSTEMPATH\CodeIgniter.php(502): CodeIgniter\CodeIgniter->runController(Object(App\Controllers\Pages))
 6 SYSTEMPATH\CodeIgniter.php(361): CodeIgniter\CodeIgniter->handleRequest(null, Object(Config\Cache), false)
 7 FCPATH\index.php(79): CodeIgniter\CodeIgniter->run()
 8 SYSTEMPATH\Commands\Server\rewrite.php(47): require_once('C:\\Users\\Lenovo\\OneDrive\\Documents\\aifb\\TubesTST-Sistem-Pesan-Antar\\public\\index.php')
CRITICAL - 2023-12-15 05:50:01 --> CodeIgniter\View\Exceptions\ViewException: Invalid file: "layout/home.php"
in SYSTEMPATH\Exceptions\FrameworkException.php on line 39.
 1 SYSTEMPATH\View\View.php(216): CodeIgniter\Exceptions\FrameworkException::forInvalidFile('layout/home.php')
 2 SYSTEMPATH\Common.php(1172): CodeIgniter\View\View->render('layout/home', [], true)
 3 APPPATH\Controllers\Pages.php(15): view('layout/home', [...])
 4 SYSTEMPATH\CodeIgniter.php(942): App\Controllers\Pages->index()
 5 SYSTEMPATH\CodeIgniter.php(502): CodeIgniter\CodeIgniter->runController(Object(App\Controllers\Pages))
 6 SYSTEMPATH\CodeIgniter.php(361): CodeIgniter\CodeIgniter->handleRequest(null, Object(Config\Cache), false)
 7 FCPATH\index.php(79): CodeIgniter\CodeIgniter->run()
 8 SYSTEMPATH\Commands\Server\rewrite.php(47): require_once('C:\\Users\\Lenovo\\OneDrive\\Documents\\aifb\\TubesTST-Sistem-Pesan-Antar\\public\\index.php')
CRITICAL - 2023-12-15 05:50:13 --> CodeIgniter\View\Exceptions\ViewException: Invalid file: "page/home.php"
in SYSTEMPATH\Exceptions\FrameworkException.php on line 39.
 1 SYSTEMPATH\View\View.php(216): CodeIgniter\Exceptions\FrameworkException::forInvalidFile('page/home.php')
 2 SYSTEMPATH\Common.php(1172): CodeIgniter\View\View->render('page/home', [], true)
 3 APPPATH\Controllers\Pages.php(15): view('page/home', [...])
 4 SYSTEMPATH\CodeIgniter.php(942): App\Controllers\Pages->index()
 5 SYSTEMPATH\CodeIgniter.php(502): CodeIgniter\CodeIgniter->runController(Object(App\Controllers\Pages))
 6 SYSTEMPATH\CodeIgniter.php(361): CodeIgniter\CodeIgniter->handleRequest(null, Object(Config\Cache), false)
 7 FCPATH\index.php(79): CodeIgniter\CodeIgniter->run()
 8 SYSTEMPATH\Commands\Server\rewrite.php(47): require_once('C:\\Users\\Lenovo\\OneDrive\\Documents\\aifb\\TubesTST-Sistem-Pesan-Antar\\public\\index.php')
CRITICAL - 2023-12-15 08:36:32 --> Error: Call to undefined method CodeIgniter\View\View::extends()
in APPPATH\Views\menu\index.php on line 1.
 1 SYSTEMPATH\View\View.php(228): include()
 2 SYSTEMPATH\View\View.php(231): CodeIgniter\View\View->CodeIgniter\View\{closure}()
 3 SYSTEMPATH\Common.php(1172): CodeIgniter\View\View->render('menu/index', [], true)
 4 APPPATH\Controllers\Menu.php(16): view('menu/index', [...])
 5 SYSTEMPATH\CodeIgniter.php(942): App\Controllers\Menu->index()
 6 SYSTEMPATH\CodeIgniter.php(502): CodeIgniter\CodeIgniter->runController(Object(App\Controllers\Menu))
 7 SYSTEMPATH\CodeIgniter.php(361): CodeIgniter\CodeIgniter->handleRequest(null, Object(Config\Cache), false)
 8 FCPATH\index.php(79): CodeIgniter\CodeIgniter->run()
 9 SYSTEMPATH\Commands\Server\rewrite.php(47): require_once('C:\\Users\\Lenovo\\OneDrive\\Documents\\aifb\\TubesTST-Sistem-Pesan-Antar\\public\\index.php')
CRITICAL - 2023-12-15 08:36:36 --> Error: Call to undefined method CodeIgniter\View\View::extends()
in APPPATH\Views\menu\index.php on line 1.
 1 SYSTEMPATH\View\View.php(228): include()
 2 SYSTEMPATH\View\View.php(231): CodeIgniter\View\View->CodeIgniter\View\{closure}()
 3 SYSTEMPATH\Common.php(1172): CodeIgniter\View\View->render('menu/index', [], true)
 4 APPPATH\Controllers\Menu.php(16): view('menu/index', [...])
 5 SYSTEMPATH\CodeIgniter.php(942): App\Controllers\Menu->index()
 6 SYSTEMPATH\CodeIgniter.php(502): CodeIgniter\CodeIgniter->runController(Object(App\Controllers\Menu))
 7 SYSTEMPATH\CodeIgniter.php(361): CodeIgniter\CodeIgniter->handleRequest(null, Object(Config\Cache), false)
 8 FCPATH\index.php(79): CodeIgniter\CodeIgniter->run()
 9 SYSTEMPATH\Commands\Server\rewrite.php(47): require_once('C:\\Users\\Lenovo\\OneDrive\\Documents\\aifb\\TubesTST-Sistem-Pesan-Antar\\public\\index.php')
CRITICAL - 2023-12-15 09:11:20 --> Error: Call to undefined method CodeIgniter\View\View::extends()
in APPPATH\Views\menu\index.php on line 1.
 1 SYSTEMPATH\View\View.php(228): include()
 2 SYSTEMPATH\View\View.php(231): CodeIgniter\View\View->CodeIgniter\View\{closure}()
 3 SYSTEMPATH\Common.php(1172): CodeIgniter\View\View->render('menu/index', [], true)
 4 APPPATH\Controllers\Menu.php(16): view('menu/index', [...])
 5 SYSTEMPATH\CodeIgniter.php(942): App\Controllers\Menu->index()
 6 SYSTEMPATH\CodeIgniter.php(502): CodeIgniter\CodeIgniter->runController(Object(App\Controllers\Menu))
 7 SYSTEMPATH\CodeIgniter.php(361): CodeIgniter\CodeIgniter->handleRequest(null, Object(Config\Cache), false)
 8 FCPATH\index.php(79): CodeIgniter\CodeIgniter->run()
 9 SYSTEMPATH\Commands\Server\rewrite.php(47): require_once('C:\\Users\\Lenovo\\OneDrive\\Documents\\aifb\\TubesTST-Sistem-Pesan-Antar\\public\\index.php')
